{"numTotalTestSuites":97,"numPassedTestSuites":97,"numFailedTestSuites":0,"numPendingTestSuites":0,"numTotalTests":226,"numPassedTests":105,"numFailedTests":121,"numPendingTests":0,"numTodoTests":0,"startTime":1770818972476,"success":false,"testResults":[{"assertionResults":[{"ancestorTitles":["","useEquipment Hooks","useEquipmentModulesQuery"],"fullName":" useEquipment Hooks useEquipmentModulesQuery should fetch all modules successfully and show loading state","status":"passed","title":"should fetch all modules successfully and show loading state","duration":230,"failureMessages":[]},{"ancestorTitles":["","useEquipment Hooks","useEquipmentModulesQuery"],"fullName":" useEquipment Hooks useEquipmentModulesQuery should filter modules by manufacturer","status":"passed","title":"should filter modules by manufacturer","duration":68,"failureMessages":[]},{"ancestorTitles":["","useEquipment Hooks","useEquipmentModulesQuery"],"fullName":" useEquipment Hooks useEquipmentModulesQuery should handle error state correctly","status":"passed","title":"should handle error state correctly","duration":67,"failureMessages":[]},{"ancestorTitles":["","useEquipment Hooks","useEquipmentInvertersQuery"],"fullName":" useEquipment Hooks useEquipmentInvertersQuery should fetch all inverters successfully and show loading state","status":"passed","title":"should fetch all inverters successfully and show loading state","duration":128,"failureMessages":[]},{"ancestorTitles":["","useEquipment Hooks","useEquipmentInvertersQuery"],"fullName":" useEquipment Hooks useEquipmentInvertersQuery should filter inverters by manufacturer","status":"passed","title":"should filter inverters by manufacturer","duration":71,"failureMessages":[]},{"ancestorTitles":["","useEquipment Hooks","useEquipmentInvertersQuery"],"fullName":" useEquipment Hooks useEquipmentInvertersQuery should handle error state correctly","status":"passed","title":"should handle error state correctly","duration":66,"failureMessages":[]}],"startTime":1770819020304,"endTime":1770819020937,"status":"passed","message":"","name":"C:/Users/SSTECH/developments/apps/solarepc-pro/frontend/src/hooks/__tests__/useEquipment.test.tsx"},{"assertionResults":[{"ancestorTitles":["","useProposal Hooks","useGenerateProposalMutation"],"fullName":" useProposal Hooks useGenerateProposalMutation should successfully trigger proposal generation","status":"passed","title":"should successfully trigger proposal generation","duration":101,"failureMessages":[]},{"ancestorTitles":["","useProposal Hooks","useGenerateProposalMutation"],"fullName":" useProposal Hooks useGenerateProposalMutation should handle proposal generation error","status":"passed","title":"should handle proposal generation error","duration":68,"failureMessages":[]},{"ancestorTitles":["","useProposal Hooks","useTaskStatusQuery"],"fullName":" useProposal Hooks useTaskStatusQuery should poll task status every 2 seconds until SUCCESS","status":"passed","title":"should poll task status every 2 seconds until SUCCESS","duration":175,"failureMessages":[]},{"ancestorTitles":["","useProposal Hooks","useTaskStatusQuery"],"fullName":" useProposal Hooks useTaskStatusQuery should stop polling on SUCCESS and invalidate queries","status":"passed","title":"should stop polling on SUCCESS and invalidate queries","duration":154,"failureMessages":[]},{"ancestorTitles":["","useProposal Hooks","useTaskStatusQuery"],"fullName":" useProposal Hooks useTaskStatusQuery should stop polling on FAILURE","status":"passed","title":"should stop polling on FAILURE","duration":110,"failureMessages":[]},{"ancestorTitles":["","useProposal Hooks","useTaskStatusQuery"],"fullName":" useProposal Hooks useTaskStatusQuery should not poll if enabled is false","status":"passed","title":"should not poll if enabled is false","duration":4,"failureMessages":[]},{"ancestorTitles":["","useProposal Hooks","useTaskStatusQuery"],"fullName":" useProposal Hooks useTaskStatusQuery should not poll if task ID is null","status":"passed","title":"should not poll if task ID is null","duration":2,"failureMessages":[]},{"ancestorTitles":["","useProposal Hooks","useExportCSV"],"fullName":" useProposal Hooks useExportCSV should download CSV successfully","status":"passed","title":"should download CSV successfully","duration":63,"failureMessages":[]},{"ancestorTitles":["","useProposal Hooks","useExportCSV"],"fullName":" useProposal Hooks useExportCSV should handle CSV export error","status":"passed","title":"should handle CSV export error","duration":74,"failureMessages":[]}],"startTime":1770819003719,"endTime":1770819004470,"status":"passed","message":"","name":"C:/Users/SSTECH/developments/apps/solarepc-pro/frontend/src/hooks/__tests__/useProposal.test.tsx"},{"assertionResults":[{"ancestorTitles":["","useSiteDesigns hooks","useUpdateSiteDesignMutation"],"fullName":" useSiteDesigns hooks useUpdateSiteDesignMutation should successfully update a site design and sync state","status":"failed","title":"should successfully update a site design and sync state","duration":280,"failureMessages":["expected \"spy\" to be called with arguments: [ 'Design saved' ]\u001b[90m\n\nReceived: \n\n\u001b[1m  1st spy call:\n\n\u001b[22m\u001b[2m  Array [\u001b[22m\n\u001b[32m-   \"Design saved\",\u001b[90m\n\u001b[31m+   \"Version saved successfully\",\u001b[90m\n\u001b[2m  ]\u001b[22m\n\u001b[39m\u001b[90m\n\nNumber of calls: \u001b[1m1\u001b[22m\n\u001b[39m"],"location":{"line":102,"column":35}},{"ancestorTitles":["","useSiteDesigns hooks","useUpdateSiteDesignMutation"],"fullName":" useSiteDesigns hooks useUpdateSiteDesignMutation should handle error and rollback optimistically updated data","status":"failed","title":"should handle error and rollback optimistically updated data","duration":1043,"failureMessages":["expected false to be true // Object.is equality\n\nIgnored nodes: comments, script, style\n\u001b[36m<html>\u001b[39m\n  \u001b[36m<head />\u001b[39m\n  \u001b[36m<body>\u001b[39m\n    \u001b[36m<div>\u001b[39m\n      \u001b[0m \u001b[0m\n      \u001b[0m \u001b[0m\n    \u001b[36m</div>\u001b[39m\n  \u001b[36m</body>\u001b[39m\n\u001b[36m</html>\u001b[39m"],"location":{"line":141,"column":64}},{"ancestorTitles":["","useSiteDesigns hooks","useUpdateSiteDesignMutation"],"fullName":" useSiteDesigns hooks useUpdateSiteDesignMutation should retry with exponential backoff and verify all stages","status":"failed","title":"should retry with exponential backoff and verify all stages","duration":5035,"failureMessages":["Test timed out in 5000ms.\nIf this is a long-running test, pass a timeout value as the last argument or configure it globally with \"testTimeout\"."]},{"ancestorTitles":["","useSiteDesigns hooks","useUpdateSiteDesignMutation"],"fullName":" useSiteDesigns hooks useUpdateSiteDesignMutation should handle final failure after 3 retries and preserve lastMutationData","status":"failed","title":"should handle final failure after 3 retries and preserve lastMutationData","duration":5014,"failureMessages":["Test timed out in 5000ms.\nIf this is a long-running test, pass a timeout value as the last argument or configure it globally with \"testTimeout\"."]},{"ancestorTitles":["","useSiteDesigns hooks","useCreateSiteDesignMutation"],"fullName":" useSiteDesigns hooks useCreateSiteDesignMutation should successfully create a site design and update sync state","status":"failed","title":"should successfully create a site design and update sync state","duration":1017,"failureMessages":["expected false to be true // Object.is equality\n\nIgnored nodes: comments, script, style\n\u001b[36m<html>\u001b[39m\n  \u001b[36m<head />\u001b[39m\n  \u001b[36m<body>\u001b[39m\n    \u001b[36m<div>\u001b[39m\n      \u001b[0m \u001b[0m\n      \u001b[0m \u001b[0m\n    \u001b[36m</div>\u001b[39m\n  \u001b[36m</body>\u001b[39m\n\u001b[36m</html>\u001b[39m"],"location":{"line":244,"column":66}},{"ancestorTitles":["","useSiteDesigns hooks","useDeleteSiteDesignMutation"],"fullName":" useSiteDesigns hooks useDeleteSiteDesignMutation should successfully delete a site design and update sync state","status":"passed","title":"should successfully delete a site design and update sync state","duration":66,"failureMessages":[]},{"ancestorTitles":["","useSiteDesigns hooks","Version Management Hooks","useCreateVersionMutation"],"fullName":" useSiteDesigns hooks Version Management Hooks useCreateVersionMutation should successfully create a version with optimistic update","status":"passed","title":"should successfully create a version with optimistic update","duration":35,"failureMessages":[]},{"ancestorTitles":["","useSiteDesigns hooks","Version Management Hooks","useCreateVersionMutation"],"fullName":" useSiteDesigns hooks Version Management Hooks useCreateVersionMutation should handle error and rollback optimistic update","status":"passed","title":"should handle error and rollback optimistic update","duration":77,"failureMessages":[]},{"ancestorTitles":["","useSiteDesigns hooks","Version Management Hooks","useCreateVersionMutation"],"fullName":" useSiteDesigns hooks Version Management Hooks useCreateVersionMutation should retry on failure with exponential backoff","status":"failed","title":"should retry on failure with exponential backoff","duration":5008,"failureMessages":["Test timed out in 5000ms.\nIf this is a long-running test, pass a timeout value as the last argument or configure it globally with \"testTimeout\"."]},{"ancestorTitles":["","useSiteDesigns hooks","Version Management Hooks","useVersionsQuery"],"fullName":" useSiteDesigns hooks Version Management Hooks useVersionsQuery should fetch versions list","status":"failed","title":"should fetch versions list","duration":1011,"failureMessages":["expected false to be true // Object.is equality\n\nIgnored nodes: comments, script, style\n\u001b[36m<html>\u001b[39m\n  \u001b[36m<head />\u001b[39m\n  \u001b[36m<body>\u001b[39m\n    \u001b[36m<div>\u001b[39m\n      \u001b[0m \u001b[0m\n      \u001b[0m \u001b[0m\n    \u001b[36m</div>\u001b[39m\n  \u001b[36m</body>\u001b[39m\n\u001b[36m</html>\u001b[39m"],"location":{"line":390,"column":70}},{"ancestorTitles":["","useSiteDesigns hooks","Version Management Hooks","useVersionsQuery"],"fullName":" useSiteDesigns hooks Version Management Hooks useVersionsQuery should return empty array when no versions exist","status":"passed","title":"should return empty array when no versions exist","duration":82,"failureMessages":[]},{"ancestorTitles":["","useSiteDesigns hooks","Version Management Hooks","useVersionsQuery"],"fullName":" useSiteDesigns hooks Version Management Hooks useVersionsQuery should handle fetch error","status":"passed","title":"should handle fetch error","duration":65,"failureMessages":[]},{"ancestorTitles":["","useSiteDesigns hooks","Version Management Hooks","useVersionsQuery"],"fullName":" useSiteDesigns hooks Version Management Hooks useVersionsQuery should not fetch when designId is empty","status":"passed","title":"should not fetch when designId is empty","duration":4,"failureMessages":[]},{"ancestorTitles":["","useSiteDesigns hooks","Version Management Hooks","useVersionDetailQuery"],"fullName":" useSiteDesigns hooks Version Management Hooks useVersionDetailQuery should fetch version detail with snapshot data","status":"passed","title":"should fetch version detail with snapshot data","duration":76,"failureMessages":[]},{"ancestorTitles":["","useSiteDesigns hooks","Version Management Hooks","useVersionDetailQuery"],"fullName":" useSiteDesigns hooks Version Management Hooks useVersionDetailQuery should handle not found error","status":"passed","title":"should handle not found error","duration":79,"failureMessages":[]},{"ancestorTitles":["","useSiteDesigns hooks","Version Management Hooks","useVersionDetailQuery"],"fullName":" useSiteDesigns hooks Version Management Hooks useVersionDetailQuery should not fetch when IDs are empty","status":"passed","title":"should not fetch when IDs are empty","duration":3,"failureMessages":[]},{"ancestorTitles":["","useSiteDesigns hooks","Version Management Hooks","useRestoreVersionMutation"],"fullName":" useSiteDesigns hooks Version Management Hooks useRestoreVersionMutation should successfully restore version and invalidate caches","status":"failed","title":"should successfully restore version and invalidate caches","duration":1026,"failureMessages":["expected 'synced' to be 'syncing' // Object.is equality\n\nIgnored nodes: comments, script, style\n\u001b[36m<html>\u001b[39m\n  \u001b[36m<head />\u001b[39m\n  \u001b[36m<body>\u001b[39m\n    \u001b[36m<div>\u001b[39m\n      \u001b[0m \u001b[0m\n      \u001b[0m \u001b[0m\n    \u001b[36m</div>\u001b[39m\n  \u001b[36m</body>\u001b[39m\n\u001b[36m</html>\u001b[39m"],"location":{"line":477,"column":87}},{"ancestorTitles":["","useSiteDesigns hooks","Version Management Hooks","useRestoreVersionMutation"],"fullName":" useSiteDesigns hooks Version Management Hooks useRestoreVersionMutation should retry on failure","status":"failed","title":"should retry on failure","duration":5007,"failureMessages":["Test timed out in 5000ms.\nIf this is a long-running test, pass a timeout value as the last argument or configure it globally with \"testTimeout\"."]},{"ancestorTitles":["","useSiteDesigns hooks","Version Management Hooks","useRestoreVersionMutation"],"fullName":" useSiteDesigns hooks Version Management Hooks useRestoreVersionMutation should handle final failure after retries","status":"failed","title":"should handle final failure after retries","duration":5010,"failureMessages":["Test timed out in 5000ms.\nIf this is a long-running test, pass a timeout value as the last argument or configure it globally with \"testTimeout\"."]},{"ancestorTitles":["","useSiteDesigns hooks","Version Management Hooks","useRestoreVersionMutation"],"fullName":" useSiteDesigns hooks Version Management Hooks useRestoreVersionMutation should invalidate related queries on success","status":"passed","title":"should invalidate related queries on success","duration":97,"failureMessages":[]}],"startTime":1770818979024,"endTime":1770819009060,"status":"failed","message":"","name":"C:/Users/SSTECH/developments/apps/solarepc-pro/frontend/src/hooks/__tests__/useSiteDesigns.test.tsx"},{"assertionResults":[{"ancestorTitles":["","validatePolygon"],"fullName":" validatePolygon should return isValid: true for a valid polygon","status":"passed","title":"should return isValid: true for a valid polygon","duration":8,"failureMessages":[]},{"ancestorTitles":["","validatePolygon"],"fullName":" validatePolygon should return isValid: false for invalid structure","status":"passed","title":"should return isValid: false for invalid structure","duration":1,"failureMessages":[]},{"ancestorTitles":["","validatePolygon"],"fullName":" validatePolygon should return isValid: false for missing coordinates","status":"passed","title":"should return isValid: false for missing coordinates","duration":0,"failureMessages":[]},{"ancestorTitles":["","validatePolygon"],"fullName":" validatePolygon should return isValid: false for too few points","status":"passed","title":"should return isValid: false for too few points","duration":1,"failureMessages":[]},{"ancestorTitles":["","validatePolygon"],"fullName":" validatePolygon should return isValid: false for unclosed polygon","status":"passed","title":"should return isValid: false for unclosed polygon","duration":0,"failureMessages":[]},{"ancestorTitles":["","validatePolygon"],"fullName":" validatePolygon should return isValid: false for zero area polygon","status":"passed","title":"should return isValid: false for zero area polygon","duration":1,"failureMessages":[]},{"ancestorTitles":["","validatePolygon"],"fullName":" validatePolygon should return isValid: false for self-intersecting polygon","status":"passed","title":"should return isValid: false for self-intersecting polygon","duration":1,"failureMessages":[]},{"ancestorTitles":["","validatePolygon"],"fullName":" validatePolygon should catch errors and return a generic error message","status":"passed","title":"should catch errors and return a generic error message","duration":0,"failureMessages":[]}],"startTime":1770819026547,"endTime":1770819026559,"status":"passed","message":"","name":"C:/Users/SSTECH/developments/apps/solarepc-pro/frontend/src/lib/__tests__/geojsonValidation.test.ts"},{"assertionResults":[{"ancestorTitles":["","useDesignCanvasStore"],"fullName":" useDesignCanvasStore should have initial state","status":"passed","title":"should have initial state","duration":2,"failureMessages":[]},{"ancestorTitles":["","useDesignCanvasStore"],"fullName":" useDesignCanvasStore should setMode and reset selectedGeometry","status":"passed","title":"should setMode and reset selectedGeometry","duration":1,"failureMessages":[]},{"ancestorTitles":["","useDesignCanvasStore"],"fullName":" useDesignCanvasStore should setSelectedTool","status":"passed","title":"should setSelectedTool","duration":1,"failureMessages":[]},{"ancestorTitles":["","useDesignCanvasStore"],"fullName":" useDesignCanvasStore should setSelectedGeometry","status":"passed","title":"should setSelectedGeometry","duration":2,"failureMessages":[]},{"ancestorTitles":["","useDesignCanvasStore"],"fullName":" useDesignCanvasStore should setSyncState","status":"passed","title":"should setSyncState","duration":0,"failureMessages":[]},{"ancestorTitles":["","useDesignCanvasStore"],"fullName":" useDesignCanvasStore should setPlacementLoading","status":"passed","title":"should setPlacementLoading","duration":1,"failureMessages":[]},{"ancestorTitles":["","useDesignCanvasStore"],"fullName":" useDesignCanvasStore should toggleRightPanel","status":"passed","title":"should toggleRightPanel","duration":0,"failureMessages":[]},{"ancestorTitles":["","useDesignCanvasStore","equipment selection"],"fullName":" useDesignCanvasStore equipment selection should update equipment selection and set hasEquipmentSelected","status":"passed","title":"should update equipment selection and set hasEquipmentSelected","duration":1,"failureMessages":[]},{"ancestorTitles":["","useDesignCanvasStore","equipment selection"],"fullName":" useDesignCanvasStore equipment selection should clear equipment selection","status":"passed","title":"should clear equipment selection","duration":1,"failureMessages":[]},{"ancestorTitles":["","useDesignCanvasStore","equipment selection"],"fullName":" useDesignCanvasStore equipment selection should reset mode from draw to select when equipment is cleared","status":"passed","title":"should reset mode from draw to select when equipment is cleared","duration":0,"failureMessages":[]},{"ancestorTitles":["","useDesignCanvasStore","equipment selection"],"fullName":" useDesignCanvasStore equipment selection should NOT reset mode when equipment is cleared if not in draw mode","status":"passed","title":"should NOT reset mode when equipment is cleared if not in draw mode","duration":0,"failureMessages":[]},{"ancestorTitles":["","useDesignCanvasStore","retry logic"],"fullName":" useDesignCanvasStore retry logic should initialize retryCount and lastSyncedAt","status":"passed","title":"should initialize retryCount and lastSyncedAt","duration":0,"failureMessages":[]},{"ancestorTitles":["","useDesignCanvasStore","retry logic"],"fullName":" useDesignCanvasStore retry logic should update retryCount","status":"passed","title":"should update retryCount","duration":1,"failureMessages":[]},{"ancestorTitles":["","useDesignCanvasStore","retry logic"],"fullName":" useDesignCanvasStore retry logic should reset retryCount","status":"passed","title":"should reset retryCount","duration":0,"failureMessages":[]},{"ancestorTitles":["","useDesignCanvasStore","retry logic"],"fullName":" useDesignCanvasStore retry logic should update lastSyncedAt","status":"passed","title":"should update lastSyncedAt","duration":2,"failureMessages":[]},{"ancestorTitles":["","useDesignCanvasStore","retry logic"],"fullName":" useDesignCanvasStore retry logic should reset retryCount and update lastSyncedAt when syncState becomes synced","status":"failed","title":"should reset retryCount and update lastSyncedAt when syncState becomes synced","duration":12,"failureMessages":["expected 3 to be +0 // Object.is equality"],"location":{"line":154,"column":38}},{"ancestorTitles":["","useDesignCanvasStore","retry logic"],"fullName":" useDesignCanvasStore retry logic should NOT reset retryCount when syncState becomes other than synced","status":"passed","title":"should NOT reset retryCount when syncState becomes other than synced","duration":0,"failureMessages":[]},{"ancestorTitles":["","useDesignCanvasStore","retry logic"],"fullName":" useDesignCanvasStore retry logic should only update lastSyncedAt when syncState becomes synced","status":"passed","title":"should only update lastSyncedAt when syncState becomes synced","duration":1,"failureMessages":[]},{"ancestorTitles":["","useDesignCanvasStore","retry logic"],"fullName":" useDesignCanvasStore retry logic should persist lastMutationData for manual retry","status":"passed","title":"should persist lastMutationData for manual retry","duration":0,"failureMessages":[]}],"startTime":1770819006465,"endTime":1770819006491,"status":"failed","message":"","name":"C:/Users/SSTECH/developments/apps/solarepc-pro/frontend/src/stores/__tests__/useDesignCanvasStore.test.ts"},{"assertionResults":[{"ancestorTitles":["","Auto-save Integration"],"fullName":" Auto-save Integration should handle complete flow: change -> debounce -> failure -> retry -> success","status":"failed","title":"should handle complete flow: change -> debounce -> failure -> retry -> success","duration":68,"failureMessages":["useDesignNavigation must be used within a NavigationProvider"],"location":{"line":25,"column":15}},{"ancestorTitles":["","Auto-save Integration"],"fullName":" Auto-save Integration should allow manual retry after all automatic retries fail","status":"failed","title":"should allow manual retry after all automatic retries fail","duration":9,"failureMessages":["useDesignNavigation must be used within a NavigationProvider"],"location":{"line":25,"column":15}}],"startTime":1770819013914,"endTime":1770819013991,"status":"failed","message":"","name":"C:/Users/SSTECH/developments/apps/solarepc-pro/frontend/src/components/DesignCanvas/__tests__/autoSaveIntegration.test.tsx"},{"assertionResults":[{"ancestorTitles":["","PolygonDrawingLayer Workflow"],"fullName":" PolygonDrawingLayer Workflow should allow drawing a polygon and saving it successfully","status":"failed","title":"should allow drawing a polygon and saving it successfully","duration":1075,"failureMessages":["Unable to find an element by: [data-testid=\"marker\"]\n\nIgnored nodes: comments, script, style\n\u001b[36m<body>\u001b[39m\n  \u001b[36m<div />\u001b[39m\n\u001b[36m</body>\u001b[39m\n\nIgnored nodes: comments, script, style\n\u001b[36m<body>\u001b[39m\n  \u001b[36m<div />\u001b[39m\n\u001b[36m</body>\u001b[39m"],"location":{"line":163,"column":27}},{"ancestorTitles":["","PolygonDrawingLayer Workflow"],"fullName":" PolygonDrawingLayer Workflow should block save if polygon is self-intersecting","status":"failed","title":"should block save if polygon is self-intersecting","duration":1018,"failureMessages":["expected [] to have a length of 4 but got +0\n\nIgnored nodes: comments, script, style\n\u001b[36m<html>\u001b[39m\n  \u001b[36m<head />\u001b[39m\n  \u001b[36m<body>\u001b[39m\n    \u001b[36m<div />\u001b[39m\n  \u001b[36m</body>\u001b[39m\n\u001b[36m</html>\u001b[39m"],"location":{"line":89,"column":71}},{"ancestorTitles":["","PolygonDrawingLayer Workflow"],"fullName":" PolygonDrawingLayer Workflow should handle API failure during save","status":"failed","title":"should handle API failure during save","duration":1013,"failureMessages":["Unable to find an element by: [data-testid=\"marker\"]\n\nIgnored nodes: comments, script, style\n\u001b[36m<body>\u001b[39m\n  \u001b[36m<div />\u001b[39m\n\u001b[36m</body>\u001b[39m\n\nIgnored nodes: comments, script, style\n\u001b[36m<html>\u001b[39m\n  \u001b[36m<head />\u001b[39m\n  \u001b[36m<body>\u001b[39m\n    \u001b[36m<div />\u001b[39m\n  \u001b[36m</body>\u001b[39m\n\u001b[36m</html>\u001b[39m"],"location":{"line":163,"column":27}},{"ancestorTitles":["","PolygonDrawingLayer Workflow"],"fullName":" PolygonDrawingLayer Workflow should show error if drawing has less than 3 points","status":"failed","title":"should show error if drawing has less than 3 points","duration":1013,"failureMessages":["expected [] to have a length of 2 but got +0\n\nIgnored nodes: comments, script, style\n\u001b[36m<html>\u001b[39m\n  \u001b[36m<head />\u001b[39m\n  \u001b[36m<body>\u001b[39m\n    \u001b[36m<div />\u001b[39m\n  \u001b[36m</body>\u001b[39m\n\u001b[36m</html>\u001b[39m"],"location":{"line":139,"column":71}},{"ancestorTitles":["","PolygonDrawingLayer Workflow"],"fullName":" PolygonDrawingLayer Workflow should cancel drawing on Escape key","status":"failed","title":"should cancel drawing on Escape key","duration":38,"failureMessages":["expected 'draw' to be 'select' // Object.is equality"],"location":{"line":157,"column":54}}],"startTime":1770819013007,"endTime":1770819017164,"status":"failed","message":"","name":"C:/Users/SSTECH/developments/apps/solarepc-pro/frontend/src/components/DesignCanvas/__tests__/drawingWorkflow.test.tsx"},{"assertionResults":[{"ancestorTitles":["","Complete E2E Design Canvas Workflow"],"fullName":" Complete E2E Design Canvas Workflow completes full CanvasLayout user journey","status":"failed","title":"completes full CanvasLayout user journey","duration":382,"failureMessages":["useDesignCanvasStore is not defined"],"location":{"line":68,"column":36}},{"ancestorTitles":["","Complete E2E Design Canvas Workflow"],"fullName":" Complete E2E Design Canvas Workflow creates new design from DesignsList with POST and navigation","status":"failed","title":"creates new design from DesignsList with POST and navigation","duration":60380,"failureMessages":["Test timed out in 60000ms.\nIf this is a long-running test, pass a timeout value as the last argument or configure it globally with \"testTimeout\"."]},{"ancestorTitles":["","Complete E2E Design Canvas Workflow"],"fullName":" Complete E2E Design Canvas Workflow recovers from network errors with exponential backoff","status":"failed","title":"recovers from network errors with exponential backoff","duration":48,"failureMessages":["useDesignCanvasStore is not defined"],"location":{"line":68,"column":36}}],"startTime":1770818985423,"endTime":1770819046238,"status":"failed","message":"","name":"C:/Users/SSTECH/developments/apps/solarepc-pro/frontend/src/components/DesignCanvas/__tests__/e2eDesignWorkflow.test.tsx"},{"assertionResults":[{"ancestorTitles":["","EquipmentSelector"],"fullName":" EquipmentSelector should render loading skeletons initially","status":"passed","title":"should render loading skeletons initially","duration":354,"failureMessages":[]},{"ancestorTitles":["","EquipmentSelector"],"fullName":" EquipmentSelector should render equipment options after loading","status":"passed","title":"should render equipment options after loading","duration":120,"failureMessages":[]},{"ancestorTitles":["","EquipmentSelector"],"fullName":" EquipmentSelector should show error alert on failure","status":"passed","title":"should show error alert on failure","duration":44,"failureMessages":[]},{"ancestorTitles":["","EquipmentSelector"],"fullName":" EquipmentSelector should display selected module details","status":"passed","title":"should display selected module details","duration":88,"failureMessages":[]},{"ancestorTitles":["","EquipmentSelector"],"fullName":" EquipmentSelector should search and filter modules","status":"passed","title":"should search and filter modules","duration":468,"failureMessages":[]},{"ancestorTitles":["","EquipmentSelector"],"fullName":" EquipmentSelector should select module and trigger 30-second debounced save","status":"failed","title":"should select module and trigger 30-second debounced save","duration":5013,"failureMessages":["Test timed out in 5000ms.\nIf this is a long-running test, pass a timeout value as the last argument or configure it globally with \"testTimeout\"."]},{"ancestorTitles":["","EquipmentSelector"],"fullName":" EquipmentSelector should select inverter and trigger 30-second debounced save","status":"failed","title":"should select inverter and trigger 30-second debounced save","duration":5023,"failureMessages":["Test timed out in 5000ms.\nIf this is a long-running test, pass a timeout value as the last argument or configure it globally with \"testTimeout\"."]},{"ancestorTitles":["","EquipmentSelector"],"fullName":" EquipmentSelector should coalesce rapid equipment changes into single save","status":"failed","title":"should coalesce rapid equipment changes into single save","duration":5028,"failureMessages":["Test timed out in 5000ms.\nIf this is a long-running test, pass a timeout value as the last argument or configure it globally with \"testTimeout\"."]}],"startTime":1770819005386,"endTime":1770819021524,"status":"failed","message":"","name":"C:/Users/SSTECH/developments/apps/solarepc-pro/frontend/src/components/DesignCanvas/__tests__/EquipmentSelector.test.tsx"},{"assertionResults":[{"ancestorTitles":["","DesignCanvas Error Handling & Retries"],"fullName":" DesignCanvas Error Handling & Retries should retry with precise exponential backoff (1s, 2s, 4s) and track exact attempt counts","status":"failed","title":"should retry with precise exponential backoff (1s, 2s, 4s) and track exact attempt counts","duration":1125,"failureMessages":["expected 'synced' to be 'syncing' // Object.is equality"],"location":{"line":188,"column":63}},{"ancestorTitles":["","DesignCanvas Error Handling & Retries"],"fullName":" DesignCanvas Error Handling & Retries should complete full sync state transition chain: pending → syncing → synced","status":"failed","title":"should complete full sync state transition chain: pending → syncing → synced","duration":1047,"failureMessages":["\u001b[2mexpect(\u001b[22m\u001b[31melement\u001b[39m\u001b[2m).toHaveTextContent()\u001b[22m\n\nExpected element to have text content:\n\u001b[32m  syncing\u001b[39m\nReceived:\n\u001b[31m  synced\u001b[39m"],"location":{"line":244,"column":54}},{"ancestorTitles":["","DesignCanvas Error Handling & Retries"],"fullName":" DesignCanvas Error Handling & Retries should complete full sync state transition chain: syncing → failed → syncing → synced (manual retry)","status":"failed","title":"should complete full sync state transition chain: syncing → failed → syncing → synced (manual retry)","duration":1031,"failureMessages":["\u001b[2mexpect(\u001b[22m\u001b[31melement\u001b[39m\u001b[2m).toHaveTextContent()\u001b[22m\n\nExpected element to have text content:\n\u001b[32m  syncing\u001b[39m\nReceived:\n\u001b[31m  synced\u001b[39m"],"location":{"line":282,"column":54}},{"ancestorTitles":["","DesignCanvas Error Handling & Retries"],"fullName":" DesignCanvas Error Handling & Retries should rollback optimistic updates on permanent failure","status":"failed","title":"should rollback optimistic updates on permanent failure","duration":1034,"failureMessages":["expected 'synced' to be 'failed' // Object.is equality"],"location":{"line":356,"column":63}},{"ancestorTitles":["","DesignCanvas Error Handling & Retries"],"fullName":" DesignCanvas Error Handling & Retries should verify query invalidation after failed mutation","status":"failed","title":"should verify query invalidation after failed mutation","duration":1078,"failureMessages":["expected 'synced' to be 'failed' // Object.is equality"],"location":{"line":387,"column":63}},{"ancestorTitles":["","DesignCanvas Error Handling & Retries"],"fullName":" DesignCanvas Error Handling & Retries should integrate beforeunload handler: pending and failed states trigger warning","status":"failed","title":"should integrate beforeunload handler: pending and failed states trigger warning","duration":25,"failureMessages":["expected true to be 'You have unsaved changes. Are you sur…' // Object.is equality"],"location":{"line":416,"column":47}},{"ancestorTitles":["","DesignCanvas Error Handling & Retries"],"fullName":" DesignCanvas Error Handling & Retries should handle graceful degradation when energy estimate is missing (404)","status":"failed","title":"should handle graceful degradation when energy estimate is missing (404)","duration":5030,"failureMessages":["\u001b[2mexpect(\u001b[22m\u001b[31mreceived\u001b[39m\u001b[2m).toBeInTheDocument()\u001b[22m\n\n\u001b[31mreceived\u001b[39m value must be an HTMLElement or an SVGElement.\n\n\nIgnored nodes: comments, script, style\n\u001b[36m<html>\u001b[39m\n  \u001b[36m<head />\u001b[39m\n  \u001b[36m<body>\u001b[39m\n    \u001b[36m<div>\u001b[39m\n      \u001b[36m<div>\u001b[39m\n        \u001b[36m<button>\u001b[39m\n          \u001b[0mGenerate Proposal\u001b[0m\n        \u001b[36m</button>\u001b[39m\n        \u001b[36m<span>\u001b[39m\n          \u001b[0mProposal generated\u001b[0m\n        \u001b[36m</span>\u001b[39m\n      \u001b[36m</div>\u001b[39m\n    \u001b[36m</div>\u001b[39m\n  \u001b[36m</body>\u001b[39m\n\u001b[36m</html>\u001b[39m"],"location":{"line":464,"column":57}},{"ancestorTitles":["","DesignCanvas Error Handling & Retries"],"fullName":" DesignCanvas Error Handling & Retries should handle graceful degradation when proposal generation fails","status":"failed","title":"should handle graceful degradation when proposal generation fails","duration":10017,"failureMessages":["Unable to find an element with the text: Proposal generation failed. This could be because the text is broken up by multiple elements. In this case, you can provide a function for your text matcher to make your matcher more flexible.\n\nIgnored nodes: comments, script, style\n\u001b[36m<body>\u001b[39m\n  \u001b[36m<div>\u001b[39m\n    \u001b[36m<div>\u001b[39m\n      \u001b[36m<button>\u001b[39m\n        \u001b[0mGenerate Proposal\u001b[0m\n      \u001b[36m</button>\u001b[39m\n      \u001b[36m<span>\u001b[39m\n        \u001b[0mProposal generated\u001b[0m\n      \u001b[36m</span>\u001b[39m\n    \u001b[36m</div>\u001b[39m\n  \u001b[36m</div>\u001b[39m\n\u001b[36m</body>\u001b[39m\n\nIgnored nodes: comments, script, style\n\u001b[36m<html>\u001b[39m\n  \u001b[36m<head />\u001b[39m\n  \u001b[36m<body>\u001b[39m\n    \u001b[36m<div>\u001b[39m\n      \u001b[36m<div>\u001b[39m\n        \u001b[36m<button>\u001b[39m\n          \u001b[0mGenerate Proposal\u001b[0m\n        \u001b[36m</button>\u001b[39m\n        \u001b[36m<span>\u001b[39m\n          \u001b[0mProposal generated\u001b[0m\n        \u001b[36m</span>\u001b[39m\n      \u001b[36m</div>\u001b[39m\n    \u001b[36m</div>\u001b[39m\n  \u001b[36m</body>\u001b[39m\n\u001b[36m</html>\u001b[39m"],"location":{"line":163,"column":27}}],"startTime":1770818979142,"endTime":1770818999531,"status":"failed","message":"","name":"C:/Users/SSTECH/developments/apps/solarepc-pro/frontend/src/components/DesignCanvas/__tests__/errorHandling.test.tsx"},{"assertionResults":[{"ancestorTitles":["","FloatingPalette"],"fullName":" FloatingPalette should render all tools","status":"passed","title":"should render all tools","duration":86,"failureMessages":[]},{"ancestorTitles":["","FloatingPalette"],"fullName":" FloatingPalette should disable drawing tools when no equipment is selected","status":"failed","title":"should disable drawing tools when no equipment is selected","duration":1126,"failureMessages":["Found multiple elements with the text: Select equipment to enable drawing tools\n\nHere are the matching elements:\n\nIgnored nodes: comments, script, style\n\u001b[36m<p>\u001b[39m\n  \u001b[0mSelect equipment to enable drawing tools\u001b[0m\n\u001b[36m</p>\u001b[39m\n\nIgnored nodes: comments, script, style\n\u001b[36m<p>\u001b[39m\n  \u001b[0mSelect equipment to enable drawing tools\u001b[0m\n\u001b[36m</p>\u001b[39m\n\n(If this is intentional, then use the `*AllBy*` variant of the query (like `queryAllByText`, `getAllByText`, or `findAllByText`)).\n\nIgnored nodes: comments, script, style\n\u001b[36m<body>\u001b[39m\n  \u001b[36m<div>\u001b[39m\n    \u001b[36m<div\u001b[39m\n      \u001b[33mclass\u001b[39m=\u001b[32m\"absolute top-4 left-4 flex flex-col gap-2 bg-white p-2 rounded-lg shadow-lg border z-20\"\u001b[39m\n    \u001b[36m>\u001b[39m\n      \u001b[36m<span\u001b[39m\n        \u001b[33mdata-state\u001b[39m=\u001b[32m\"closed\"\u001b[39m\n      \u001b[36m>\u001b[39m\n        \u001b[36m<button\u001b[39m\n          \u001b[33mclass\u001b[39m=\u001b[32m\"inline-flex items-center justify-center whitespace-nowrap rounded-md text-sm font-semibold transition-all focus-visible:outline-none focus-visible:ring-2 focus-visible:ring-primary focus-visible:ring-offset-2 disabled:pointer-events-none disabled:opacity-50 bg-gradient-to-br from-primary to-primary-dark text-white shadow-lg shadow-primary/40 hover:-translate-y-0.5 hover:shadow-xl hover:shadow-primary/50 h-10 w-10\"\u001b[39m\n          \u001b[33mtitle\u001b[39m=\u001b[32m\"Select\"\u001b[39m\n        \u001b[36m>\u001b[39m\n          \u001b[36m<svg\u001b[39m\n            \u001b[33maria-hidden\u001b[39m=\u001b[32m\"true\"\u001b[39m\n            \u001b[33mclass\u001b[39m=\u001b[32m\"lucide lucide-mouse-pointer2 lucide-mouse-pointer-2 h-5 w-5\"\u001b[39m\n            \u001b[33mfill\u001b[39m=\u001b[32m\"none\"\u001b[39m\n            \u001b[33mheight\u001b[39m=\u001b[32m\"24\"\u001b[39m\n            \u001b[33mstroke\u001b[39m=\u001b[32m\"currentColor\"\u001b[39m\n            \u001b[33mstroke-linecap\u001b[39m=\u001b[32m\"round\"\u001b[39m\n            \u001b[33mstroke-linejoin\u001b[39m=\u001b[32m\"round\"\u001b[39m\n            \u001b[33mstroke-width\u001b[39m=\u001b[32m\"2\"\u001b[39m\n            \u001b[33mviewBox\u001b[39m=\u001b[32m\"0 0 24 24\"\u001b[39m\n            \u001b[33mwidth\u001b[39m=\u001b[32m\"24\"\u001b[39m\n            \u001b[33mxmlns\u001b[39m=\u001b[32m\"http://www.w3.org/2000/svg\"\u001b[39m\n          \u001b[36m>\u001b[39m\n            \u001b[36m<path\u001b[39m\n              \u001b[33md\u001b[39m=\u001b[32m\"M4.037 4.688a.495.495 0 0 1 .651-.651l16 6.5a.5.5 0 0 1-.063.947l-6.124 1.58a2 2 0 0 0-1.438 1.435l-1.579 6.126a.5.5 0 0 1-.947.063z\"\u001b[39m\n            \u001b[36m/>\u001b[39m\n          \u001b[36m</svg>\u001b[39m\n        \u001b[36m</button>\u001b[39m\n      \u001b[36m</span>\u001b[39m\n      \u001b[36m<span\u001b[39m\n        \u001b[33mdata-state\u001b[39m=\u001b[32m\"closed\"\u001b[39m\n      \u001b[36m>\u001b[39m\n        \u001b[36m<button\u001b[39m\n          \u001b[33mclass\u001b[39m=\u001b[32m\"inline-flex items-center justify-center whitespace-nowrap rounded-md text-sm font-semibold transition-all focus-visible:outline-none focus-visible:ring-2 focus-visible:ring-primary focus-visible:ring-offset-2 disabled:pointer-events-none disabled:opacity-50 hover:bg-card hover:text-foreground h-10 w-10\"\u001b[39m\n          \u001b[33mtitle\u001b[39m=\u001b[32m\"Edit Geometry\"\u001b[39m\n        \u001b[36m>\u001b[39m\n          \u001b[36m<svg\u001b[39m\n            \u001b[33maria-hidden\u001b[39m=\u001b[32m\"true\"\u001b[39m\n            \u001b[33mclass\u001b[39m=\u001b[32m\"lucide lucide-pencil h-5 w-5\"\u001b[39m\n            \u001b[33mfill\u001b[39m=\u001b[32m\"none\"\u001b[39m\n            \u001b[33mheight\u001b[39m=\u001b[32m\"24\"\u001b[39m\n            \u001b[33mstroke\u001b[39m=\u001b[32m\"currentColor\"\u001b[39m\n            \u001b[33mstroke-linecap\u001b[39m=\u001b[32m\"round\"\u001b[39m\n            \u001b[33mstroke-linejoin\u001b[39m=\u001b[32m\"round\"\u001b[39m\n            \u001b[33mstroke-width\u001b[39m=\u001b[32m\"2\"\u001b[39m\n            \u001b[33mviewBox\u001b[39m=\u001b[32m\"0 0 24 24\"\u001b[39m\n            \u001b[33mwidth\u001b[39m=\u001b[32m\"24\"\u001b[39m\n            \u001b[33mxmlns\u001b[39m=\u001b[32m\"http://www.w3.org/2000/svg\"\u001b[39m\n          \u001b[36m>\u001b[39m\n            \u001b[36m<path\u001b[39m\n              \u001b[33md\u001b[39m=\u001b[32m\"M21.174 6.812a1 1 0 0 0-3.986-3.987L3.842 16.174a2 2 0 0 0-.5.83l-1.321 4.352a.5.5 0 0 0 .623.622l4.353-1.32a2 2 0 0 0 .83-.497z\"\u001b[39m\n            \u001b[36m/>\u001b[39m\n            \u001b[36m<path\u001b[39m\n              \u001b[33md\u001b[39m=\u001b[32m\"m15 5 4 4\"\u001b[39m\n            \u001b[36m/>\u001b[39m\n          \u001b[36m</svg>\u001b[39m\n        \u001b[36m</button>\u001b[39m\n      \u001b[36m</span>\u001b[39m\n      \u001b[36m<span\u001b[39m\n        \u001b[33maria-describedby\u001b[39m=\u001b[32m\"radix-:r8:\"\u001b[39m\n        \u001b[33mdata-state\u001b[39m=\u001b[32m\"delayed-open\"\u001b[39m\n      \u001b[36m>\u001b[39m\n        \u001b[36m<button\u001b[39m\n          \u001b[33mclass\u001b[39m=\u001b[32m\"inline-flex items-center justify-center whitespace-nowrap rounded-md text-sm font-semibold transition-all focus-visible:outline-none focus-visible:ring-2 focus-visible:ring-primary focus-visible:ring-offset-2 disabled:pointer-events-none disabled:opacity-50 hover:bg-card hover:text-foreground h-10 w-10 opacity-50 cursor-not-allowed\"\u001b[39m\n          \u001b[33mdisabled\u001b[39m=\u001b[32m\"\"\u001b[39m\n          \u001b[33mtitle\u001b[39m=\u001b[32m\"Roof\"\u001b[39m\n        \u001b[36m>\u001b[39m\n          \u001b[36m<svg\u001b[39m\n            \u001b[33maria-hidden\u001b[39m=\u001b[32m\"true\"\u001b[39m\n            \u001b[33mclass\u001b[39m=\u001b[32m\"lucide lucide-house h-5 w-5\"\u001b[39m\n            \u001b[33mfill\u001b[39m=\u001b[32m\"none\"\u001b[39m\n            \u001b[33mheight\u001b[39m=\u001b[32m\"24\"\u001b[39m\n            \u001b[33mstroke\u001b[39m=\u001b[32m\"currentColor\"\u001b[39m\n            \u001b[33mstroke-linecap\u001b[39m=\u001b[32m\"round\"\u001b[39m\n            \u001b[33mstroke-linejoin\u001b[39m=\u001b[32m\"round\"\u001b[39m\n            \u001b[33mstroke-width\u001b[39m=\u001b[32m\"2\"\u001b[39m\n            \u001b[33mviewBox\u001b[39m=\u001b[32m\"0 0 24 24\"\u001b[39m\n            \u001b[33mwidth\u001b[39m=\u001b[32m\"24\"\u001b[39m\n            \u001b[33mxmlns\u001b[39m=\u001b[32m\"http://www.w3.org/2000/svg\"\u001b[39m\n          \u001b[36m>\u001b[39m\n            \u001b[36m<path\u001b[39m\n              \u001b[33md\u001b[39m=\u001b[32m\"M15 21v-8a1 1 0 0 0-1-1h-4a1 1 0 0 0-1 1v8\"\u001b[39m\n            \u001b[36m/>\u001b[39m\n            \u001b[36m<path\u001b[39m\n              \u001b[33md\u001b[39m=\u001b[32m\"M3 10a2 2 0 0 1 .709-1.528l7-6a2 2 0 0 1 2.582 0l7 6A2 2 0 0 1 21 10v9a2 2 0 0 1-2 2H5a2 2 0 0 1-2-2z\"\u001b[39m\n            \u001b[36m/>\u001b[39m\n          \u001b[36m</svg>\u001b[39m\n        \u001b[36m</button>\u001b[39m\n      \u001b[36m</span>\u001b[39m\n      \u001b[36m<div\u001b[39m\n        \u001b[33mdata-radix-popper-content-wrapper\u001b[39m=\u001b[32m\"\"\u001b[39m\n        \u001b[33mstyle\u001b[39m=\u001b[32m\"position: fixed; left: 0px; top: 0px; transform: translate(-4px, 0px); min-width: max-content; --radix-popper-available-width: -16px; --radix-popper-available-height: 0px; --radix-popper-anchor-width: 0px; --radix-popper-anchor-height: 0px; --radix-popper-transform-origin: 0px 50%;\"\u001b[39m\n      \u001b[36m>\u001b[39m\n        \u001b[36m<div\u001b[39m\n          \u001b[33mclass\u001b[39m=\u001b[32m\"z-50 overflow-hidden rounded-md border bg-popover px-3 py-1.5 text-sm text-popover-foreground shadow-md animate-in fade-in-0 zoom-in-95 data-[state=closed]:animate-out data-[state=closed]:fade-out-0 zoom-out-95 data-[side=bottom]:slide-in-from-top-2 data-[side=left]:slide-in-from-right-2 data-[side=right]:slide-in-from-left-2 data-[side=top]:slide-in-from-bottom-2\"\u001b[39m\n          \u001b[33mdata-align\u001b[39m=\u001b[32m\"center\"\u001b[39m\n          \u001b[33mdata-side\u001b[39m=\u001b[32m\"left\"\u001b[39m\n          \u001b[33mdata-state\u001b[39m=\u001b[32m\"delayed-open\"\u001b[39m\n          \u001b[33mstyle\u001b[39m=\u001b[32m\"--radix-tooltip-content-transform-origin: var(--radix-popper-transform-origin); --radix-tooltip-content-available-width: var(--radix-popper-available-width); --radix-tooltip-content-available-height: var(--radix-popper-available-height); --radix-tooltip-trigger-width: var(--radix-popper-anchor-width); --radix-tooltip-trigger-height: var(--radix-popper-anchor-height);\"\u001b[39m\n        \u001b[36m>\u001b[39m\n          \u001b[36m<p>\u001b[39m\n            \u001b[0mSelect equipment to enable drawing tools\u001b[0m\n          \u001b[36m</p>\u001b[39m\n          \u001b[36m<span\u001b[39m\n            \u001b[33mid\u001b[39m=\u001b[32m\"radix-:r8:\"\u001b[39m\n            \u001b[33mrole\u001b[39m=\u001b[32m\"tooltip\"\u001b[39m\n            \u001b[33mstyle\u001b[39m=\u001b[32m\"position: absolute; border: 0px; width: 1px; height: 1px; padding: 0px; margin: -1px; overflow: hidden; clip: rect(0px, 0px, 0px, 0px); white-space: nowrap; word-wrap: normal;\"\u001b[39m\n          \u001b[36m>\u001b[39m\n            \u001b[36m<p>\u001b[39m\n              \u001b[0mSelect equipment to enable drawing tools\u001b[0m\n            \u001b[36m</p>\u001b[39m\n          \u001b[36m</span>\u001b[39m\n        \u001b[36m</div>\u001b[39m\n      \u001b[36m</div>\u001b[39m\n      \u001b[36m<span\u001b[39m\n        \u001b[33mdata-state\u001b[39m=\u001b[32m\"closed\"\u001b[39m\n      \u001b[36m>\u001b[39m\n        \u001b[36m<button\u001b[39m\n          \u001b[33mclass\u001b[39m=\u001b[32m\"inline-flex items-center justify-center whitespace-nowrap rounded-md text-sm font-semibold transition-all focus-visible:outline-none focus-visible:ring-2 focus-visible:ring-primary focus-visible:ring-offset-2 disabled:pointer-events-none disabled:opacity-50 hover:bg-card hover:text-foreground h-10 w-10 opacity-50 cursor-not-allowed\"\u001b[39m\n          \u001b[33mdisabled\u001b[39m=\u001b[32m\"\"\u001b[39m\n          \u001b[33mtitle\u001b[39m=\u001b[32m\"Ground\"\u001b[39m\n        \u001b[36m>\u001b[39m\n          \u001b[36m<svg\u001b[39m\n            \u001b[33maria-hidden\u001b[39m=\u001b[32m\"true\"\u001b[39m\n            \u001b[33mclass\u001b[39m=\u001b[32m\"lucide lucide-mountain h-5 w-5\"\u001b[39m\n            \u001b[33mfill\u001b[39m=\u001b[32m\"none\"\u001b[39m\n            \u001b[33mheight\u001b[39m=\u001b[32m\"24\"\u001b[39m\n            \u001b[33mstroke\u001b[39m=\u001b[32m\"currentColor\"\u001b[39m\n            \u001b[33mstroke-linecap\u001b[39m=\u001b[32m\"round\"\u001b[39m\n            \u001b[33mstroke-linejoin\u001b[39m=\u001b[32m\"round\"\u001b[39m\n            \u001b[33mstroke-width\u001b[39m=\u001b[32m\"2\"\u001b[39m\n            \u001b[33mviewBox\u001b[39m=\u001b[32m\"0 0 24 24\"\u001b[39m\n            \u001b[33mwidth\u001b[39m=\u001b[32m\"24\"\u001b[39m\n            \u001b[33mxmlns\u001b[39m=\u001b[32m\"http://www.w3.org/2000/svg\"\u001b[39m\n          \u001b[36m>\u001b[39m\n            \u001b[36m<path\u001b[39m\n              \u001b[33md\u001b[39m=\u001b[32m\"m8 3 4 8 5-5 5 15H2L8 3z\"\u001b[39m\n            \u001b[36m/>\u001b[39m\n          \u001b[36m</svg>\u001b[39m\n        \u001b[36m</button>\u001b[39m\n      \u001b[36m</span>\u001b[39m\n      \u001b[36m<span\u001b[39m\n        \u001b[33mdata-state\u001b[39m=\u001b[32m\"closed\"\u001b[39m\n      \u001b[36m>\u001b[39m\n        \u001b[36m<button\u001b[39m\n          \u001b[33mclass\u001b[39m=\u001b[32m\"inline-flex items-center justify-center whitespace-nowrap rounded-md text-sm font-semibold transition-all focus-visible:outline-none focus-visible:ring-2 focus-visible:ring-primary focus-visible:ring-offset-2 disabled:pointer-events-none disabled:opacity-50 hover:bg-card hover:text-foreground h-10 w-10 opacity-50 cursor-not-allowed\"\u001b[39m\n          \u001b[33mdisabled\u001b[39m=\u001b[32m\"\"\u001b[39m\n          \u001b[33mtitle\u001b[39m=\u001b[32m\"Carport\"\u001b[39m\n        \u001b[36m>\u001b[39m\n          \u001b[36m<svg\u001b[39m\n            \u001b[33maria-hidden\u001b[39m=\u001b[32m\"true\"\u001b[39m\n            \u001b[33mclass\u001b[39m=\u001b[32m\"lucide lucide-car h-5 w-5\"\u001b[39m\n            \u001b[33mfill\u001b[39m=\u001b[32m\"none\"\u001b[39m\n            \u001b[33mheight\u001b[39m=\u001b[32m\"24\"\u001b[39m\n            \u001b[33mstroke\u001b[39m=\u001b[32m\"currentColor\"\u001b[39m\n            \u001b[33mstroke-linecap\u001b[39m=\u001b[32m\"round\"\u001b[39m\n            \u001b[33mstroke-linejoin\u001b[39m=\u001b[32m\"round\"\u001b[39m\n            \u001b[33mstroke-width\u001b[39m=\u001b[32m\"2\"\u001b[39m\n            \u001b[33mviewBox\u001b[39m=\u001b[32m\"0 0 24 24\"\u001b[39m\n            \u001b[33mwidth\u001b[39m=\u001b[32m\"24\"\u001b[39m\n            \u001b[33mxmlns\u001b[39m=\u001b[32m\"http://www.w3.org/2000/svg\"\u001b[39m\n          \u001b[36m>\u001b[39m\n            \u001b[36m<path\u001b[39m\n              \u001b[33md\u001b[39m=\u001b[32m\"M19 17h2c.6 0 1-.4 1-1v-3c0-.9-.7-1.7-1.5-1.9C18.7 10.6 16 10 16 10s-1.3-1.4-2.2-2.3c-.5-.4-1.1-.7-1.8-.7H5c-.6 0-1.1.4-1.4.9l-1.4 2.9A3.7 3.7 0 0 0 2 12v4c0 .6.4 1 1 1h2\"\u001b[39m\n            \u001b[36m/>\u001b[39m\n            \u001b[36m<circle\u001b[39m\n              \u001b[33mcx\u001b[39m=\u001b[32m\"7\"\u001b[39m\n              \u001b[33mcy\u001b[39m=\u001b[32m\"17\"\u001b[39m\n              \u001b[33mr\u001b[39m=\u001b[32m\"2\"\u001b[39m\n            \u001b[36m/>\u001b[39m\n            \u001b[36m<path\u001b[39m\n              \u001b[33md\u001b[39m=\u001b[32m\"M9 17h6\"\u001b[39m\n            \u001b[36m/>\u001b[39m\n            \u001b[36m<circle\u001b[39m\n              \u001b[33mcx\u001b[39m=\u001b[32m\"17\"\u001b[39m\n              \u001b[33mcy\u001b[39m=\u001b[32m\"17\"\u001b[39m\n              \u001b[33mr\u001b[39m=\u001b[32m\"2\"\u001b[39m\n            \u001b[36m/>\u001b[39m\n          \u001b[36m</svg>\u001b[39m\n        \u001b[36m</button>\u001b[39m\n      \u001b[36m</span>\u001b[39m\n      \u001b[36m<span\u001b[39m\n        \u001b[33mdata-state\u001b[39m=\u001b[32m\"closed\"\u001b[39m\n      \u001b[36m>\u001b[39m\n        \u001b[36m<button\u001b[39m\n          \u001b[33mclass\u001b[39m=\u001b[32m\"inline-flex items-center justify-center whitespace-nowrap rounded-md text-sm font-semibold transition-all focus-visible:outline-none focus-visible:ring-2 focus-visible:ring-primary focus-visible:ring-offset-2 disabled:pointer-events-none disabled:opacity-50 hover:bg-card hover:text-foreground h-10 w-10 opacity-50 cursor-not-allowed\"\u001b[39m\n          \u001b[33mdisabled\u001b[39m=\u001b[32m\"\"\u001b[39m\n          \u001b[33mtitle\u001b[39m=\u001b[32m\"Exclusion\"\u001b[39m\n        \u001b[36m>\u001b[39m\n          \u001b[36m<svg\u001b[39m\n            \u001b[33maria-hidden\u001b[39m=\u001b[32m\"true\"\u001b[39m\n            \u001b[33mclass\u001b[39m=\u001b[32m\"lucide lucide-ban h-5 w-5\"\u001b[39m\n            \u001b[33mfill\u001b[39m=\u001b[32m\"none\"\u001b[39m\n            \u001b[33mheight\u001b[39m=\u001b[32m\"24\"\u001b[39m\n            \u001b[33mstroke\u001b[39m=\u001b[32m\"currentColor\"\u001b[39m\n            \u001b[33mstroke-linecap\u001b[39m=\u001b[32m\"round\"\u001b[39m\n            \u001b[33mstroke-linejoin\u001b[39m=\u001b[32m\"round\"\u001b[39m\n            \u001b[33mstroke-width\u001b[39m=\u001b[32m\"2\"\u001b[39m\n            \u001b[33mviewBox\u001b[39m=\u001b[32m\"0 0 24 24\"\u001b[39m\n            \u001b[33mwidth\u001b[39m=\u001b[32m\"24\"\u001b[39m\n            \u001b[33mxmlns\u001b[39m=\u001b[32m\"http://www.w3.org/2000/svg\"\u001b[39m\n          \u001b[36m>\u001b[39m\n            \u001b[36m<path\u001b[39m\n              \u001b[33md\u001b[39m=\u001b[32m\"M4.929 4.929 19.07 19.071\"\u001b[39m\n            \u001b[36m/>\u001b[39m\n            \u001b[36m<circle\u001b[39m\n              \u001b[33mcx\u001b[39m=\u001b[32m\"12\"\u001b[39m\n              \u001b[33mcy\u001b[39m=\u001b[32m\"12\"\u001b[39m\n              \u001b[33mr\u001b[39m=\u001b[32m\"10\"\u001b[39m\n            \u001b[36m/>\u001b[39m\n          \u001b[36m</svg>\u001b[39m\n        \u001b[36m</button>\u001b[39m\n      \u001b[36m</span>\u001b[39m\n    \u001b[36m</div>\u001b[39m\n  \u001b[36m</div>\u001b[39m\n\u001b[36m</body>\u001b[39m\n\nIgnored nodes: comments, script, style\n\u001b[36m<html>\u001b[39m\n  \u001b[36m<head />\u001b[39m\n  \u001b[36m<body>\u001b[39m\n    \u001b[36m<div>\u001b[39m\n      \u001b[36m<div\u001b[39m\n        \u001b[33mclass\u001b[39m=\u001b[32m\"absolute top-4 left-4 flex flex-col gap-2 bg-white p-2 rounded-lg shadow-lg border z-20\"\u001b[39m\n      \u001b[36m>\u001b[39m\n        \u001b[36m<span\u001b[39m\n          \u001b[33mdata-state\u001b[39m=\u001b[32m\"closed\"\u001b[39m\n        \u001b[36m>\u001b[39m\n          \u001b[36m<button\u001b[39m\n            \u001b[33mclass\u001b[39m=\u001b[32m\"inline-flex items-center justify-center whitespace-nowrap rounded-md text-sm font-semibold transition-all focus-visible:outline-none focus-visible:ring-2 focus-visible:ring-primary focus-visible:ring-offset-2 disabled:pointer-events-none disabled:opacity-50 bg-gradient-to-br from-primary to-primary-dark text-white shadow-lg shadow-primary/40 hover:-translate-y-0.5 hover:shadow-xl hover:shadow-primary/50 h-10 w-10\"\u001b[39m\n            \u001b[33mtitle\u001b[39m=\u001b[32m\"Select\"\u001b[39m\n          \u001b[36m>\u001b[39m\n            \u001b[36m<svg\u001b[39m\n              \u001b[33maria-hidden\u001b[39m=\u001b[32m\"true\"\u001b[39m\n              \u001b[33mclass\u001b[39m=\u001b[32m\"lucide lucide-mouse-pointer2 lucide-mouse-pointer-2 h-5 w-5\"\u001b[39m\n              \u001b[33mfill\u001b[39m=\u001b[32m\"none\"\u001b[39m\n              \u001b[33mheight\u001b[39m=\u001b[32m\"24\"\u001b[39m\n              \u001b[33mstroke\u001b[39m=\u001b[32m\"currentColor\"\u001b[39m\n              \u001b[33mstroke-linecap\u001b[39m=\u001b[32m\"round\"\u001b[39m\n              \u001b[33mstroke-linejoin\u001b[39m=\u001b[32m\"round\"\u001b[39m\n              \u001b[33mstroke-width\u001b[39m=\u001b[32m\"2\"\u001b[39m\n              \u001b[33mviewBox\u001b[39m=\u001b[32m\"0 0 24 24\"\u001b[39m\n              \u001b[33mwidth\u001b[39m=\u001b[32m\"24\"\u001b[39m\n              \u001b[33mxmlns\u001b[39m=\u001b[32m\"http://www.w3.org/2000/svg\"\u001b[39m\n            \u001b[36m>\u001b[39m\n              \u001b[36m<path\u001b[39m\n                \u001b[33md\u001b[39m=\u001b[32m\"M4.037 4.688a.495.495 0 0 1 .651-.651l16 6.5a.5.5 0 0 1-.063.947l-6.124 1.58a2 2 0 0 0-1.438 1.435l-1.579 6.126a.5.5 0 0 1-.947.063z\"\u001b[39m\n              \u001b[36m/>\u001b[39m\n            \u001b[36m</svg>\u001b[39m\n          \u001b[36m</button>\u001b[39m\n        \u001b[36m</span>\u001b[39m\n        \u001b[36m<span\u001b[39m\n          \u001b[33mdata-state\u001b[39m=\u001b[32m\"closed\"\u001b[39m\n        \u001b[36m>\u001b[39m\n          \u001b[36m<button\u001b[39m\n            \u001b[33mclass\u001b[39m=\u001b[32m\"inline-flex items-center justify-center whitespace-nowrap rounded-md text-sm font-semibold transition-all focus-visible:outline-none focus-visible:ring-2 focus-visible:ring-primary focus-visible:ring-offset-2 disabled:pointer-events-none disabled:opacity-50 hover:bg-card hover:text-foreground h-10 w-10\"\u001b[39m\n            \u001b[33mtitle\u001b[39m=\u001b[32m\"Edit Geometry\"\u001b[39m\n          \u001b[36m>\u001b[39m\n            \u001b[36m<svg\u001b[39m\n              \u001b[33maria-hidden\u001b[39m=\u001b[32m\"true\"\u001b[39m\n              \u001b[33mclass\u001b[39m=\u001b[32m\"lucide lucide-pencil h-5 w-5\"\u001b[39m\n              \u001b[33mfill\u001b[39m=\u001b[32m\"none\"\u001b[39m\n              \u001b[33mheight\u001b[39m=\u001b[32m\"24\"\u001b[39m\n              \u001b[33mstroke\u001b[39m=\u001b[32m\"currentColor\"\u001b[39m\n              \u001b[33mstroke-linecap\u001b[39m=\u001b[32m\"round\"\u001b[39m\n              \u001b[33mstroke-linejoin\u001b[39m=\u001b[32m\"round\"\u001b[39m\n              \u001b[33mstroke-width\u001b[39m=\u001b[32m\"2\"\u001b[39m\n              \u001b[33mviewBox\u001b[39m=\u001b[32m\"0 0 24 24\"\u001b[39m\n              \u001b[33mwidth\u001b[39m=\u001b[32m\"24\"\u001b[39m\n              \u001b[33mxmlns\u001b[39m=\u001b[32m\"http://www.w3.org/2000/svg\"\u001b[39m\n            \u001b[36m>\u001b[39m\n              \u001b[36m<path\u001b[39m\n                \u001b[33md\u001b[39m=\u001b[32m\"M21.174 6.812a1 1 0 0 0-3.986-3.987L3.842 16.174a2 2 0 0 0-.5.83l-1.321 4.352a.5.5 0 0 0 .623.622l4.353-1.32a2 2 0 0 0 .83-.497z\"\u001b[39m\n              \u001b[36m/>\u001b[39m\n              \u001b[36m<path\u001b[39m\n                \u001b[33md\u001b[39m=\u001b[32m\"m15 5 4 4\"\u001b[39m\n              \u001b[36m/>\u001b[39m\n            \u001b[36m</svg>\u001b[39m\n          \u001b[36m</button>\u001b[39m\n        \u001b[36m</span>\u001b[39m\n        \u001b[36m<span\u001b[39m\n          \u001b[33maria-describedby\u001b[39m=\u001b[32m\"radix-:r8:\"\u001b[39m\n          \u001b[33mdata-state\u001b[39m=\u001b[32m\"delayed-open\"\u001b[39m\n        \u001b[36m>\u001b[39m\n          \u001b[36m<button\u001b[39m\n            \u001b[33mclass\u001b[39m=\u001b[32m\"inline-flex items-center justify-center whitespace-nowrap rounded-md text-sm font-semibold transition-all focus-visible:outline-none focus-visible:ring-2 focus-visible:ring-primary focus-visible:ring-offset-2 disabled:pointer-events-none disabled:opacity-50 hover:bg-card hover:text-foreground h-10 w-10 opacity-50 cursor-not-allowed\"\u001b[39m\n            \u001b[33mdisabled\u001b[39m=\u001b[32m\"\"\u001b[39m\n            \u001b[33mtitle\u001b[39m=\u001b[32m\"Roof\"\u001b[39m\n          \u001b[36m>\u001b[39m\n            \u001b[36m<svg\u001b[39m\n              \u001b[33maria-hidden\u001b[39m=\u001b[32m\"true\"\u001b[39m\n              \u001b[33mclass\u001b[39m=\u001b[32m\"lucide lucide-house h-5 w-5\"\u001b[39m\n              \u001b[33mfill\u001b[39m=\u001b[32m\"none\"\u001b[39m\n              \u001b[33mheight\u001b[39m=\u001b[32m\"24\"\u001b[39m\n              \u001b[33mstroke\u001b[39m=\u001b[32m\"currentColor\"\u001b[39m\n              \u001b[33mstroke-linecap\u001b[39m=\u001b[32m\"round\"\u001b[39m\n              \u001b[33mstroke-linejoin\u001b[39m=\u001b[32m\"round\"\u001b[39m\n              \u001b[33mstroke-width\u001b[39m=\u001b[32m\"2\"\u001b[39m\n              \u001b[33mviewBox\u001b[39m=\u001b[32m\"0 0 24 24\"\u001b[39m\n              \u001b[33mwidth\u001b[39m=\u001b[32m\"24\"\u001b[39m\n              \u001b[33mxmlns\u001b[39m=\u001b[32m\"http://www.w3.org/2000/svg\"\u001b[39m\n            \u001b[36m>\u001b[39m\n              \u001b[36m<path\u001b[39m\n                \u001b[33md\u001b[39m=\u001b[32m\"M15 21v-8a1 1 0 0 0-1-1h-4a1 1 0 0 0-1 1v8\"\u001b[39m\n              \u001b[36m/>\u001b[39m\n              \u001b[36m<path\u001b[39m\n                \u001b[33md\u001b[39m=\u001b[32m\"M3 10a2 2 0 0 1 .709-1.528l7-6a2 2 0 0 1 2.582 0l7 6A2 2 0 0 1 21 10v9a2 2 0 0 1-2 2H5a2 2 0 0 1-2-2z\"\u001b[39m\n              \u001b[36m/>\u001b[39m\n            \u001b[36m</svg>\u001b[39m\n          \u001b[36m</button>\u001b[39m\n        \u001b[36m</span>\u001b[39m\n        \u001b[36m<div\u001b[39m\n          \u001b[33mdata-radix-popper-content-wrapper\u001b[39m=\u001b[32m\"\"\u001b[39m\n          \u001b[33mstyle\u001b[39m=\u001b[32m\"position: fixed; left: 0px; top: 0px; transform: translate(-4px, 0px); min-width: max-content; --radix-popper-available-width: -16px; --radix-popper-available-height: 0px; --radix-popper-anchor-width: 0px; --radix-popper-anchor-height: 0px; --radix-popper-transform-origin: 0px 50%;\"\u001b[39m\n        \u001b[36m>\u001b[39m\n          \u001b[36m<div\u001b[39m\n            \u001b[33mclass\u001b[39m=\u001b[32m\"z-50 overflow-hidden rounded-md border bg-popover px-3 py-1.5 text-sm text-popover-foreground shadow-md animate-in fade-in-0 zoom-in-95 data-[state=closed]:animate-out data-[state=closed]:fade-out-0 zoom-out-95 data-[side=bottom]:slide-in-from-top-2 data-[side=left]:slide-in-from-right-2 data-[side=right]:slide-in-from-left-2 data-[side=top]:slide-in-from-bottom-2\"\u001b[39m\n            \u001b[33mdata-align\u001b[39m=\u001b[32m\"center\"\u001b[39m\n            \u001b[33mdata-side\u001b[39m=\u001b[32m\"left\"\u001b[39m\n            \u001b[33mdata-state\u001b[39m=\u001b[32m\"delayed-open\"\u001b[39m\n            \u001b[33mstyle\u001b[39m=\u001b[32m\"--radix-tooltip-content-transform-origin: var(--radix-popper-transform-origin); --radix-tooltip-content-available-width: var(--radix-popper-available-width); --radix-tooltip-content-available-height: var(--radix-popper-available-height); --radix-tooltip-trigger-width: var(--radix-popper-anchor-width); --radix-tooltip-trigger-height: var(--radix-popper-anchor-height);\"\u001b[39m\n          \u001b[36m>\u001b[39m\n            \u001b[36m<p>\u001b[39m\n              \u001b[0mSelect equipment to enable drawing tools\u001b[0m\n            \u001b[36m</p>\u001b[39m\n            \u001b[36m<span\u001b[39m\n              \u001b[33mid\u001b[39m=\u001b[32m\"radix-:r8:\"\u001b[39m\n              \u001b[33mrole\u001b[39m=\u001b[32m\"tooltip\"\u001b[39m\n              \u001b[33mstyle\u001b[39m=\u001b[32m\"position: absolute; border: 0px; width: 1px; height: 1px; padding: 0px; margin: -1px; overflow: hidden; clip: rect(0px, 0px, 0px, 0px); white-space: nowrap; word-wrap: normal;\"\u001b[39m\n            \u001b[36m>\u001b[39m\n              \u001b[36m<p>\u001b[39m\n                \u001b[0mSelect equipment to enable drawing tools\u001b[0m\n              \u001b[36m</p>\u001b[39m\n            \u001b[36m</span>\u001b[39m\n          \u001b[36m</div>\u001b[39m\n        \u001b[36m</div>\u001b[39m\n        \u001b[36m<span\u001b[39m\n          \u001b[33mdata-state\u001b[39m=\u001b[32m\"closed\"\u001b[39m\n        \u001b[36m>\u001b[39m\n          \u001b[36m<button\u001b[39m\n            \u001b[33mclass\u001b[39m=\u001b[32m\"inline-flex items-center justify-center whitespace-nowrap rounded-md text-sm font-semibold transition-all focus-visible:outline-none focus-visible:ring-2 focus-visible:ring-primary focus-visible:ring-offset-2 disabled:pointer-events-none disabled:opacity-50 hover:bg-card hover:text-foreground h-10 w-10 opacity-50 cursor-not-allowed\"\u001b[39m\n            \u001b[33mdisabled\u001b[39m=\u001b[32m\"\"\u001b[39m\n            \u001b[33mtitle\u001b[39m=\u001b[32m\"Ground\"\u001b[39m\n          \u001b[36m>\u001b[39m\n            \u001b[36m<svg\u001b[39m\n              \u001b[33maria-hidden\u001b[39m=\u001b[32m\"true\"\u001b[39m\n              \u001b[33mclass\u001b[39m=\u001b[32m\"lucide lucide-mountain h-5 w-5\"\u001b[39m\n              \u001b[33mfill\u001b[39m=\u001b[32m\"none\"\u001b[39m\n              \u001b[33mheight\u001b[39m=\u001b[32m\"24\"\u001b[39m\n              \u001b[33mstroke\u001b[39m=\u001b[32m\"currentColor\"\u001b[39m\n              \u001b[33mstroke-linecap\u001b[39m=\u001b[32m\"round\"\u001b[39m\n              \u001b[33mstroke-linejoin\u001b[39m=\u001b[32m\"round\"\u001b[39m\n              \u001b[33mstroke-width\u001b[39m=\u001b[32m\"2\"\u001b[39m\n              \u001b[33mviewBox\u001b[39m=\u001b[32m\"0 0 24 24\"\u001b[39m\n              \u001b[33mwidth\u001b[39m=\u001b[32m\"24\"\u001b[39m\n              \u001b[33mxmlns\u001b[39m=\u001b[32m\"http://www.w3.org/2000/svg\"\u001b[39m\n            \u001b[36m>\u001b[39m\n              \u001b[36m<path\u001b[39m\n                \u001b[33md\u001b[39m=\u001b[32m\"m8 3 4 8 5-5 5 15H2L8 3z\"\u001b[39m\n              \u001b[36m/>\u001b[39m\n            \u001b[36m</svg>\u001b[39m\n          \u001b[36m</button>\u001b[39m\n        \u001b[36m</span>\u001b[39m\n        \u001b[36m<span\u001b[39m\n          \u001b[33mdata-state\u001b[39m=\u001b[32m\"closed\"\u001b[39m\n        \u001b[36m>\u001b[39m\n          \u001b[36m<button\u001b[39m\n            \u001b[33mclass\u001b[39m=\u001b[32m\"inline-flex items-center justify-center whitespace-nowrap rounded-md text-sm font-semibold transition-all focus-visible:outline-none focus-visible:ring-2 focus-visible:ring-primary focus-visible:ring-offset-2 disabled:pointer-events-none disabled:opacity-50 hover:bg-card hover:text-foreground h-10 w-10 opacity-50 cursor-not-allowed\"\u001b[39m\n            \u001b[33mdisabled\u001b[39m=\u001b[32m\"\"\u001b[39m\n            \u001b[33mtitle\u001b[39m=\u001b[32m\"Carport\"\u001b[39m\n          \u001b[36m>\u001b[39m\n            \u001b[36m<svg\u001b[39m\n              \u001b[33maria-hidden\u001b[39m=\u001b[32m\"true\"\u001b[39m\n              \u001b[33mclass\u001b[39m=\u001b[32m\"lucide lucide-car h-5 w-5\"\u001b[39m\n              \u001b[33mfill\u001b[39m=\u001b[32m\"none\"\u001b[39m\n              \u001b[33mheight\u001b[39m=\u001b[32m\"24\"\u001b[39m\n              \u001b[33mstroke\u001b[39m=\u001b[32m\"currentColor\"\u001b[39m\n              \u001b[33mstroke-linecap\u001b[39m=\u001b[32m\"round\"\u001b[39m\n              \u001b[33mstroke-linejoin\u001b[39m=\u001b[32m\"round\"\u001b[39m\n              \u001b[33mstroke-width\u001b[39m=\u001b[32m\"2\"\u001b[39m\n              \u001b[33mviewBox\u001b[39m=\u001b[32m\"0 0 24 24\"\u001b[39m\n              \u001b[33mwidth\u001b[39m=\u001b[32m\"24\"\u001b[39m\n              \u001b[33mxmlns\u001b[39m=\u001b[32m\"http://www.w3.org/2000/svg\"\u001b[39m\n            \u001b[36m>\u001b[39m\n              \u001b[36m<path\u001b[39m\n                \u001b[33md\u001b[39m=\u001b[32m\"M19 17h2c.6 0 1-.4 1-1v-3c0-.9-.7-1.7-1.5-1.9C18.7 10.6 16 10 16 10s-1.3-1.4-2.2-2.3c-.5-.4-1.1-.7-1.8-.7H5c-.6 0-1.1.4-1.4.9l-1.4 2.9A3.7 3.7 0 0 0 2 12v4c0 .6.4 1 1 1h2\"\u001b[39m\n              \u001b[36m/>\u001b[39m\n              \u001b[36m<circle\u001b[39m\n                \u001b[33mcx\u001b[39m=\u001b[32m\"7\"\u001b[39m\n                \u001b[33mcy\u001b[39m=\u001b[32m\"17\"\u001b[39m\n                \u001b[33mr\u001b[39m=\u001b[32m\"2\"\u001b[39m\n              \u001b[36m/>\u001b[39m\n              \u001b[36m<path\u001b[39m\n                \u001b[33md\u001b[39m=\u001b[32m\"M9 17h6\"\u001b[39m\n              \u001b[36m/>\u001b[39m\n              \u001b[36m<circle\u001b[39m\n                \u001b[33mcx\u001b[39m=\u001b[32m\"17\"\u001b[39m\n                \u001b[33mcy\u001b[39m=\u001b[32m\"17\"\u001b[39m\n                \u001b[33mr\u001b[39m=\u001b[32m\"2\"\u001b[39m\n              \u001b[36m/>\u001b[39m\n            \u001b[36m</svg>\u001b[39m\n          \u001b[36m</button>\u001b[39m\n        \u001b[36m</span>\u001b[39m\n        \u001b[36m<span\u001b[39m\n          \u001b[33mdata-state\u001b[39m=\u001b[32m\"closed\"\u001b[39m\n        \u001b[36m>\u001b[39m\n          \u001b[36m<button\u001b[39m\n            \u001b[33mclass\u001b[39m=\u001b[32m\"inline-flex items-center justify-center whitespace-nowrap rounded-md text-sm font-semibold transition-all focus-visible:outline-none focus-visible:ring-2 focus-visible:ring-primary focus-visible:ring-offset-2 disabled:pointer-events-none disabled:opacity-50 hover:bg-card hover:text-foreground h-10 w-10 opacity-50 cursor-not-allowed\"\u001b[39m\n            \u001b[33mdisabled\u001b[39m=\u001b[32m\"\"\u001b[39m\n            \u001b[33mtitle\u001b[39m=\u001b[32m\"Exclusion\"\u001b[39m\n          \u001b[36m>\u001b[39m\n            \u001b[36m<svg\u001b[39m\n              \u001b[33maria-hidden\u001b[39m=\u001b[32m\"true\"\u001b[39m\n              \u001b[33mclass\u001b[39m=\u001b[32m\"lucide lucide-ban h-5 w-5\"\u001b[39m\n              \u001b[33mfill\u001b[39m=\u001b[32m\"none\"\u001b[39m\n              \u001b[33mheight\u001b[39m=\u001b[32m\"24\"\u001b[39m\n              \u001b[33mstroke\u001b[39m=\u001b[32m\"currentColor\"\u001b[39m\n              \u001b[33mstroke-linecap\u001b[39m=\u001b[32m\"round\"\u001b[39m\n              \u001b[33mstroke-linejoin\u001b[39m=\u001b[32m\"round\"\u001b[39m\n              \u001b[33mstroke-width\u001b[39m=\u001b[32m\"2\"\u001b[39m\n              \u001b[33mviewBox\u001b[39m=\u001b[32m\"0 0 24 24\"\u001b[39m\n              \u001b[33mwidth\u001b[39m=\u001b[32m\"24\"\u001b[39m\n              \u001b[33mxmlns\u001b[39m=\u001b[32m\"http://www.w3.org/2000/svg\"\u001b[39m\n            \u001b[36m>\u001b[39m\n              \u001b[36m<path\u001b[39m\n                \u001b[33md\u001b[39m=\u001b[32m\"M4.929 4.929 19.07 19.071\"\u001b[39m\n              \u001b[36m/>\u001b[39m\n              \u001b[36m<circle\u001b[39m\n                \u001b[33mcx\u001b[39m=\u001b[32m\"12\"\u001b[39m\n                \u001b[33mcy\u001b[39m=\u001b[32m\"12\"\u001b[39m\n                \u001b[33mr\u001b[39m=\u001b[32m\"10\"\u001b[39m\n              \u001b[36m/>\u001b[39m\n            \u001b[36m</svg>\u001b[39m\n          \u001b[36m</button>\u001b[39m\n        \u001b[36m</span>\u001b[39m\n      \u001b[36m</div>\u001b[39m\n    \u001b[36m</div>\u001b[39m\n  \u001b[36m</body>\u001b[39m\n\u001b[36m</html>\u001b[39m"],"location":{"line":163,"column":27}},{"ancestorTitles":["","FloatingPalette"],"fullName":" FloatingPalette should enable drawing tools when equipment is selected","status":"passed","title":"should enable drawing tools when equipment is selected","duration":18,"failureMessages":[]},{"ancestorTitles":["","FloatingPalette"],"fullName":" FloatingPalette should update store when tool is clicked","status":"passed","title":"should update store when tool is clicked","duration":77,"failureMessages":[]},{"ancestorTitles":["","FloatingPalette"],"fullName":" FloatingPalette should switch back to select mode","status":"passed","title":"should switch back to select mode","duration":33,"failureMessages":[]}],"startTime":1770819028290,"endTime":1770819029630,"status":"failed","message":"","name":"C:/Users/SSTECH/developments/apps/solarepc-pro/frontend/src/components/DesignCanvas/__tests__/FloatingPalette.test.tsx"},{"assertionResults":[{"ancestorTitles":["","DesignCanvas Performance Tests"],"fullName":" DesignCanvas Performance Tests renders large module counts without performance degradation","status":"failed","title":"renders large module counts without performance degradation","duration":249,"failureMessages":["useDesignCanvasStore is not defined"],"location":{"line":68,"column":36}},{"ancestorTitles":["","DesignCanvas Performance Tests"],"fullName":" DesignCanvas Performance Tests validates 30-second debounce effectiveness for settings changes","status":"failed","title":"validates 30-second debounce effectiveness for settings changes","duration":102,"failureMessages":["useDesignCanvasStore is not defined"],"location":{"line":68,"column":36}},{"ancestorTitles":["","DesignCanvas Performance Tests"],"fullName":" DesignCanvas Performance Tests maintains map canvas responsiveness with complex geometries","status":"failed","title":"maintains map canvas responsiveness with complex geometries","duration":99,"failureMessages":["useDesignCanvasStore is not defined"],"location":{"line":68,"column":36}},{"ancestorTitles":["","DesignCanvas Performance Tests"],"fullName":" DesignCanvas Performance Tests handles auto-save performance under rapid changes","status":"failed","title":"handles auto-save performance under rapid changes","duration":63,"failureMessages":["useDesignCanvasStore is not defined"],"location":{"line":68,"column":36}}],"startTime":1770818985354,"endTime":1770818985867,"status":"failed","message":"","name":"C:/Users/SSTECH/developments/apps/solarepc-pro/frontend/src/components/DesignCanvas/__tests__/performance.test.tsx"},{"assertionResults":[{"ancestorTitles":["","PlacementSettings"],"fullName":" PlacementSettings should render with initial values from design","status":"passed","title":"should render with initial values from design","duration":329,"failureMessages":[]},{"ancestorTitles":["","PlacementSettings"],"fullName":" PlacementSettings should handle Slider interactions and update store","status":"passed","title":"should handle Slider interactions and update store","duration":116,"failureMessages":[]},{"ancestorTitles":["","PlacementSettings"],"fullName":" PlacementSettings should debounce API calls","status":"failed","title":"should debounce API calls","duration":5025,"failureMessages":["Test timed out in 5000ms.\nIf this is a long-running test, pass a timeout value as the last argument or configure it globally with \"testTimeout\"."]},{"ancestorTitles":["","PlacementSettings"],"fullName":" PlacementSettings should coalesce rapid changes into single API call within 30s window","status":"failed","title":"should coalesce rapid changes into single API call within 30s window","duration":5013,"failureMessages":["Test timed out in 5000ms.\nIf this is a long-running test, pass a timeout value as the last argument or configure it globally with \"testTimeout\"."]},{"ancestorTitles":["","PlacementSettings"],"fullName":" PlacementSettings should update all settings types and handle orientation toggle","status":"failed","title":"should update all settings types and handle orientation toggle","duration":5020,"failureMessages":["Test timed out in 5000ms.\nIf this is a long-running test, pass a timeout value as the last argument or configure it globally with \"testTimeout\"."]},{"ancestorTitles":["","PlacementSettings"],"fullName":" PlacementSettings should trigger recalculation","status":"passed","title":"should trigger recalculation","duration":361,"failureMessages":[]}],"startTime":1770819006463,"endTime":1770819022328,"status":"failed","message":"","name":"C:/Users/SSTECH/developments/apps/solarepc-pro/frontend/src/components/DesignCanvas/__tests__/PlacementSettings.test.tsx"},{"assertionResults":[{"ancestorTitles":["","ProposalWizard","Step 1: Configure"],"fullName":" ProposalWizard Step 1: Configure should render step 1 with title input and section checkboxes","status":"passed","title":"should render step 1 with title input and section checkboxes","duration":617,"failureMessages":[]},{"ancestorTitles":["","ProposalWizard","Step 1: Configure"],"fullName":" ProposalWizard Step 1: Configure should enable Next button only when at least one section is selected","status":"passed","title":"should enable Next button only when at least one section is selected","duration":881,"failureMessages":[]},{"ancestorTitles":["","ProposalWizard","Step 2: Preview & Generation"],"fullName":" ProposalWizard Step 2: Preview & Generation should show loading state and poll task status","status":"passed","title":"should show loading state and poll task status","duration":554,"failureMessages":[]},{"ancestorTitles":["","ProposalWizard","Step 2: Preview & Generation"],"fullName":" ProposalWizard Step 2: Preview & Generation should show error state and allow retry","status":"failed","title":"should show error state and allow retry","duration":1849,"failureMessages":["Found multiple elements with the text: /Generation Failed/i\n\nHere are the matching elements:\n\nIgnored nodes: comments, script, style\n\u001b[36m<h3\u001b[39m\n  \u001b[33mclass\u001b[39m=\u001b[32m\"text-lg font-medium text-destructive\"\u001b[39m\n\u001b[36m>\u001b[39m\n  \u001b[0mGeneration Failed\u001b[0m\n\u001b[36m</h3>\u001b[39m\n\nIgnored nodes: comments, script, style\n\u001b[36m<p\u001b[39m\n  \u001b[33mclass\u001b[39m=\u001b[32m\"text-muted-foreground text-sm\"\u001b[39m\n\u001b[36m>\u001b[39m\n  \u001b[0mPDF generation failed\u001b[0m\n\u001b[36m</p>\u001b[39m\n\n(If this is intentional, then use the `*AllBy*` variant of the query (like `queryAllByText`, `getAllByText`, or `findAllByText`)).\n\nIgnored nodes: comments, script, style\n\u001b[36m<body\u001b[39m\n  \u001b[33mdata-scroll-locked\u001b[39m=\u001b[32m\"1\"\u001b[39m\n  \u001b[33mstyle\u001b[39m=\u001b[32m\"pointer-events: none;\"\u001b[39m\n\u001b[36m>\u001b[39m\n  \u001b[36m<span\u001b[39m\n    \u001b[33maria-hidden\u001b[39m=\u001b[32m\"true\"\u001b[39m\n    \u001b[33mdata-aria-hidden\u001b[39m=\u001b[32m\"true\"\u001b[39m\n    \u001b[33mdata-radix-focus-guard\u001b[39m=\u001b[32m\"\"\u001b[39m\n    \u001b[33mstyle\u001b[39m=\u001b[32m\"outline: none; opacity: 0; position: fixed; pointer-events: none;\"\u001b[39m\n    \u001b[33mtabindex\u001b[39m=\u001b[32m\"0\"\u001b[39m\n  \u001b[36m/>\u001b[39m\n  \u001b[36m<div\u001b[39m\n    \u001b[33maria-hidden\u001b[39m=\u001b[32m\"true\"\u001b[39m\n    \u001b[33mdata-aria-hidden\u001b[39m=\u001b[32m\"true\"\u001b[39m\n  \u001b[36m/>\u001b[39m\n  \u001b[36m<div\u001b[39m\n    \u001b[33maria-hidden\u001b[39m=\u001b[32m\"true\"\u001b[39m\n    \u001b[33mclass\u001b[39m=\u001b[32m\"fixed inset-0 z-50 bg-black/80 data-[state=open]:animate-in data-[state=closed]:animate-out data-[state=closed]:fade-out-0 data-[state=open]:fade-in-0\"\u001b[39m\n    \u001b[33mdata-aria-hidden\u001b[39m=\u001b[32m\"true\"\u001b[39m\n    \u001b[33mdata-state\u001b[39m=\u001b[32m\"open\"\u001b[39m\n    \u001b[33mstyle\u001b[39m=\u001b[32m\"pointer-events: auto;\"\u001b[39m\n  \u001b[36m/>\u001b[39m\n  \u001b[36m<div\u001b[39m\n    \u001b[33maria-describedby\u001b[39m=\u001b[32m\"radix-:rb:\"\u001b[39m\n    \u001b[33maria-labelledby\u001b[39m=\u001b[32m\"radix-:ra:\"\u001b[39m\n    \u001b[33mclass\u001b[39m=\u001b[32m\"fixed left-[50%] top-[50%] z-50 w-full translate-x-[-50%] translate-y-[-50%] gap-4 border border-border bg-card p-6 shadow-lg duration-200 data-[state=open]:animate-in data-[state=closed]:animate-out data-[state=closed]:fade-out-0 data-[state=open]:fade-in-0 data-[state=closed]:zoom-out-95 data-[state=open]:zoom-in-95 data-[state=closed]:slide-out-to-left-1/2 data-[state=closed]:slide-out-to-top-[48%] data-[state=open]:slide-in-from-left-1/2 data-[state=open]:slide-in-from-top-[48%] sm:rounded-lg max-w-3xl sm:max-w-4xl h-[90vh] sm:h-[800px] flex flex-col\"\u001b[39m\n    \u001b[33mdata-state\u001b[39m=\u001b[32m\"open\"\u001b[39m\n    \u001b[33mid\u001b[39m=\u001b[32m\"radix-:r9:\"\u001b[39m\n    \u001b[33mrole\u001b[39m=\u001b[32m\"dialog\"\u001b[39m\n    \u001b[33mstyle\u001b[39m=\u001b[32m\"pointer-events: auto;\"\u001b[39m\n    \u001b[33mtabindex\u001b[39m=\u001b[32m\"-1\"\u001b[39m\n  \u001b[36m>\u001b[39m\n    \u001b[36m<div\u001b[39m\n      \u001b[33mclass\u001b[39m=\u001b[32m\"flex flex-col space-y-1.5 text-center sm:text-left\"\u001b[39m\n    \u001b[36m>\u001b[39m\n      \u001b[36m<div\u001b[39m\n        \u001b[33mclass\u001b[39m=\u001b[32m\"flex items-center justify-between\"\u001b[39m\n      \u001b[36m>\u001b[39m\n        \u001b[36m<h2\u001b[39m\n          \u001b[33mclass\u001b[39m=\u001b[32m\"text-lg font-semibold leading-none tracking-tight\"\u001b[39m\n          \u001b[33mid\u001b[39m=\u001b[32m\"radix-:ra:\"\u001b[39m\n        \u001b[36m>\u001b[39m\n          \u001b[0mGenerate Proposal\u001b[0m\n        \u001b[36m</h2>\u001b[39m\n        \u001b[36m<span\u001b[39m\n          \u001b[33mclass\u001b[39m=\u001b[32m\"text-sm text-muted-foreground mr-8\"\u001b[39m\n        \u001b[36m>\u001b[39m\n          \u001b[0mStep \u001b[0m\n          \u001b[0m2\u001b[0m\n          \u001b[0m of 3: \u001b[0m\n          \u001b[0mPreview\u001b[0m\n        \u001b[36m</span>\u001b[39m\n      \u001b[36m</div>\u001b[39m\n      \u001b[36m<p\u001b[39m\n        \u001b[33mclass\u001b[39m=\u001b[32m\"text-sm text-muted\"\u001b[39m\n        \u001b[33mid\u001b[39m=\u001b[32m\"radix-:rb:\"\u001b[39m\n      \u001b[36m>\u001b[39m\n        \u001b[0mGenerates a professional PDF proposal based on your design.\u001b[0m\n      \u001b[36m</p>\u001b[39m\n      \u001b[36m<div\u001b[39m\n        \u001b[33mclass\u001b[39m=\u001b[32m\"w-full bg-secondary h-1 mt-2 rounded-full overflow-hidden\"\u001b[39m\n      \u001b[36m>\u001b[39m\n        \u001b[36m<div\u001b[39m\n          \u001b[33mclass\u001b[39m=\u001b[32m\"bg-primary h-full transition-all duration-300\"\u001b[39m\n          \u001b[33mstyle\u001b[39m=\u001b[32m\"width: 66.66666666666666%;\"\u001b[39m\n        \u001b[36m/>\u001b[39m\n      \u001b[36m</div>\u001b[39m\n    \u001b[36m</div>\u001b[39m\n    \u001b[36m<div\u001b[39m\n      \u001b[33mclass\u001b[39m=\u001b[32m\"flex-1 overflow-y-auto py-4 px-1\"\u001b[39m\n    \u001b[36m>\u001b[39m\n      \u001b[36m<div\u001b[39m\n        \u00
[...]
m=\u001b[32m\"toggle-boundary\"\u001b[39m\n                  \u001b[36m>\u001b[39m\n                    \u001b[0mSite Boundary\u001b[0m\n                  \u001b[36m</label>\u001b[39m\n                  \u001b[36m<button\u001b[39m\n                    \u001b[33maria-checked\u001b[39m=\u001b[32m\"true\"\u001b[39m\n                    \u001b[33mclass\u001b[39m=\u001b[32m\"peer inline-flex h-6 w-11 shrink-0 cursor-pointer items-center rounded-full border-2 border-transparent transition-colors focus-visible:outline-none focus-visible:ring-2 focus-visible:ring-primary focus-visible:ring-offset-2 disabled:cursor-not-allowed disabled:opacity-50 data-[state=unchecked]:bg-input bg-slate-700 data-[state=checked]:bg-blue-500 scale-90\"\u001b[39m\n                    \u001b[33mdata-state\u001b[39m=\u001b[32m\"checked\"\u001b[39m\n                    \u001b[33mid\u001b[39m=\u001b[32m\"toggle-boundary\"\u001b[39m\n                    \u001b[33mrole\u001b[39m=\u001b[32m\"switch\"\u001b[39m\n                    \u001b[33mtype\u001b[39m=\u001b[32m\"button\"\u001b[39m\n                    \u001b[33mvalue\u001b[39m=\u001b[32m\"on\"\u001b[39m\n                  \u001b[36m>\u001b[39m\n                    \u001b[36m<span\u001b[39m\n                      \u001b[33mclass\u001b[39m=\u001b[32m\"pointer-events-none block h-5 w-5 rounded-full bg-white shadow-lg ring-0 transition-transform data-[state=checked]:translate-x-5 data-[state=unchecked]:translate-x-0\"\u001b[39m\n                      \u001b[33mdata-state\u001b[39m=\u001b[32m\"checked\"\u001b[39m\n                    \u001b[36m/>\u001b[39m\n                  \u001b[36m</button>\u001b[39m\n                \u001b[36m</div>\u001b[39m\n                \u001b[36m<div\u001b[39m\n                  \u001b[33mclass\u001b[39m=\u001b[32m\"flex items-center justify-between group\"\u001b[39m\n                \u001b[36m>\u001b[39m\n                  \u001b[36m<label\u001b[39m\n                    \u001b[33mclass\u001b[39m=\u001b[32m\"peer-disabled:cursor-not-allowed peer-disabled:opacity-70 text-xs font-semibold text-slate-200 cursor-pointer group-hover:text-white transition-colors\"\u001b[39m\n                    \u001b[33mfor\u001b[39m=\u001b[32m\"toggle-exclusions\"\u001b[39m\n                  \u001b[36m>\u001b[39m\n                    \u001b[0mExclusion Zones\u001b[0m\n                  \u001b[36m</label>\u001b[39m\n                  \u001b[36m<button\u001b[39m\n                    \u001b[33maria-checked\u001b[39m=\u001b[32m\"true\"\u001b[39m\n                    \u001b[33mclass\u001b[39m=\u001b[32m\"peer inline-flex h-6 w-11 shrink-0 cursor-pointer items-center rounded-full border-2 border-transparent transition-colors focus-visible:outline-none focus-visible:ring-2 focus-visible:ring-primary focus-visible:ring-offset-2 disabled:cursor-not-allowed disabled:opacity-50 data-[state=unchecked]:bg-input bg-slate-700 data-[state=checked]:bg-red-500 scale-90\"\u001b[39m\n                    \u001b[33mdata-state\u001b[39m=\u001b[32m\"checked\"\u001b[39m\n                    \u001b[33mid\u001b[39m=\u001b[32m\"toggle-exclusions\"\u001b[39m\n                    \u001b[33mrole\u001b[39m=\u001b[32m\"switch\"\u001b[39m\n                    \u001b[33mtype\u001b[39m=\u001b[32m\"button\"\u001b[39m\n                    \u001b[33mvalue\u001b[39m=\u001b[32m\"on\"\u001b[39m\n                  \u001b[36m>\u001b[39m\n                    \u001b[36m<span\u001b[39m\n                      \u001b[33mclass\u001b[39m=\u001b[32m\"pointer-events-none block h-5 w-5 rounded-full bg-white shadow-lg ring-0 transition-transform data-[state=checked]:translate-x-5 data-[state=unchecked]:translate-x-0\"\u001b[39m\n                      \u001b[33mdata-state\u001b[39m=\u001b[32m\"checked\"\u001b[39m\n                    \u001b[36m/>\u001b[39m\n                  \u001b[36m</button>\u001b[39m\n                \u001b[36m</div>\u001b[39m\n                \u001b[36m<div\u001b[39m\n                  \u001b[33mclass\u001b[39m=\u001b[32m\"flex items-center justify-between group\"\u001b[39m\n                \u001b[36m>\u001b[39m\n                  \u001b[36m<label\u001b[39m\n                    \u001b[33mclass\u001b[39m=\u001b[32m\"peer-disabled:cursor-not-allowed peer-disabled:opacity-70 text-xs font-semibold text-slate-200 cursor-pointer group-hover:text-white transition-colors\"\u001b[39m\n                    \u001b[33mfor\u001b[39m=\u001b[32m\"toggle-modules\"\u001b[39m\n                  \u001b[36m>\u001b[39m\n                    \u001b[0mPV Modules\u001b[0m\n                  \u001b[36m</label>\u001b[39m\n                  \u001b[36m<button\u001b[39m\n                    \u001b[33maria-checked\u001b[39m=\u001b[32m\"true\"\u001b[39m\n                    \u001b[33mclass\u001b[39m=\u001b[32m\"peer inline-flex h-6 w-11 shrink-0 cursor-pointer items-center rounded-full border-2 border-transparent transition-colors focus-visible:outline-none focus-visible:ring-2 focus-visible:ring-primary focus-visible:ring-offset-2 disabled:cursor-not-allowed disabled:opacity-50 data-[state=unchecked]:bg-input bg-slate-700 data-[state=checked]:bg-teal-500 scale-90\"\u001b[39m\n                    \u001b[33mdata-state\u001b[39m=\u001b[32m\"checked\"\u001b[39m\n                    \u001b[33mid\u001b[39m=\u001b[32m\"toggle-modules\"\u001b[39m\n                    \u001b[33mrole\u001b[39m=\u001b[32m\"switch\"\u001b[39m\n                    \u001b[33mtype\u001b[39m=\u001b[32m\"button\"\u001b[39m\n                    \u001b[33mvalue\u001b[39m=\u001b[32m\"on\"\u001b[39m\n                  \u001b[36m>\u001b[39m\n                    \u001b[36m<span\u001b[39m\n                      \u001b[33mclass\u001b[39m=\u001b[3..."],"location":{"line":894,"column":43}},{"ancestorTitles":["","Version Management Integration Tests","Placement Recalculation UI Coverage"],"fullName":" Version Management Integration Tests Placement Recalculation UI Coverage should show error message and retry button on placement failure","status":"passed","title":"should show error message and retry button on placement failure","duration":158,"failureMessages":[]}],"startTime":1770818986604,"endTime":1770818993246,"status":"failed","message":"","name":"C:/Users/SSTECH/developments/apps/solarepc-pro/frontend/src/components/DesignCanvas/__tests__/versionManagementIntegration.test.tsx"},{"assertionResults":[{"ancestorTitles":["","Version Management Workflow"],"fullName":" Version Management Workflow should complete full workflow: create → list → restore","status":"failed","title":"should complete full workflow: create → list → restore","duration":5439,"failureMessages":["Test timed out in 5000ms.\nIf this is a long-running test, pass a timeout value as the last argument or configure it globally with \"testTimeout\"."]},{"ancestorTitles":["","Version Management Workflow"],"fullName":" Version Management Workflow should handle multiple version creation and listing","status":"failed","title":"should handle multiple version creation and listing","duration":5038,"failureMessages":["Test timed out in 5000ms.\nIf this is a long-running test, pass a timeout value as the last argument or configure it globally with \"testTimeout\"."]},{"ancestorTitles":["","Version Management Workflow"],"fullName":" Version Management Workflow should handle error during create and allow retry","status":"failed","title":"should handle error during create and allow retry","duration":5051,"failureMessages":["Test timed out in 5000ms.\nIf this is a long-running test, pass a timeout value as the last argument or configure it globally with \"testTimeout\"."]},{"ancestorTitles":["","Version Management Integration Scenarios","Recalculation Triggers"],"fullName":" Version Management Integration Scenarios Recalculation Triggers should trigger placement recalculation after version restore","status":"failed","title":"should trigger placement recalculation after version restore","duration":25,"failureMessages":["useDesignCanvasStore is not defined"],"location":{"line":68,"column":36}},{"ancestorTitles":["","Version Management Integration Scenarios","Recalculation Triggers"],"fullName":" Version Management Integration Scenarios Recalculation Triggers should trigger energy estimation after version restore","status":"failed","title":"should trigger energy estimation after version restore","duration":11,"failureMessages":["useDesignCanvasStore is not defined"],"location":{"line":68,"column":36}},{"ancestorTitles":["","Version Management Integration Scenarios","Recalculation Triggers"],"fullName":" Version Management Integration Scenarios Recalculation Triggers should trigger financial analysis after version restore","status":"failed","title":"should trigger financial analysis after version restore","duration":8,"failureMessages":["useDesignCanvasStore is not defined"],"location":{"line":68,"column":36}},{"ancestorTitles":["","Version Management Integration Scenarios","Polling for Recalculation Completion"],"fullName":" Version Management Integration Scenarios Polling for Recalculation Completion should poll for energy estimation completion after restore","status":"failed","title":"should poll for energy estimation completion after restore","duration":10,"failureMessages":["useDesignCanvasStore is not defined"],"location":{"line":68,"column":36}},{"ancestorTitles":["","Version Management Integration Scenarios","Polling for Recalculation Completion"],"fullName":" Version Management Integration Scenarios Polling for Recalculation Completion should show loading indicator during recalculation","status":"failed","title":"should show loading indicator during recalculation","duration":8,"failureMessages":["useDesignCanvasStore is not defined"],"location":{"line":68,"column":36}},{"ancestorTitles":["","Version Management Integration Scenarios","Optimistic Updates and Rollback"],"fullName":" Version Management Integration Scenarios Optimistic Updates and Rollback should handle optimistic update on version restore","status":"failed","title":"should handle optimistic update on version restore","duration":9,"failureMessages":["useDesignCanvasStore is not defined"],"location":{"line":68,"column":36}},{"ancestorTitles":["","Version Management Integration Scenarios","Optimistic Updates and Rollback"],"fullName":" Version Management Integration Scenarios Optimistic Updates and Rollback should rollback on restore failure","status":"failed","title":"should rollback on restore failure","duration":8,"failureMessages":["useDesignCanvasStore is not defined"],"location":{"line":68,"column":36}},{"ancestorTitles":["","Version Management Integration Scenarios","Store State Management"],"fullName":" Version Management Integration Scenarios Store State Management should clear unsaved changes flag after successful restore","status":"failed","title":"should clear unsaved changes flag after successful restore","duration":9,"failureMessages":["useDesignCanvasStore is not defined"],"location":{"line":68,"column":36}},{"ancestorTitles":["","Version Management Integration Scenarios","Store State Management"],"fullName":" Version Management Integration Scenarios Store State Management should update sync state during restore","status":"failed","title":"should update sync state during restore","duration":10,"failureMessages":["useDesignCanvasStore is not defined"],"location":{"line":68,"column":36}}],"startTime":1770818984987,"endTime":1770819000615,"status":"failed","message":"","name":"C:/Users/SSTECH/developments/apps/solarepc-pro/frontend/src/components/DesignCanvas/__tests__/versionWorkflow.test.tsx"},{"assertionResults":[{"ancestorTitles":["","DesignsList"],"fullName":" DesignsList should render skeleton cards while loading","status":"passed","title":"should render skeleton cards while loading","duration":69,"failureMessages":[]},{"ancestorTitles":["","DesignsList"],"fullName":" DesignsList should render empty state when no designs exist","status":"passed","title":"should render empty state when no designs exist","duration":82,"failureMessages":[]},{"ancestorTitles":["","DesignsList"],"fullName":" DesignsList should navigate to create new design from empty state","status":"passed","title":"should navigate to create new design from empty state","duration":10,"failureMessages":[]},{"ancestorTitles":["","DesignsList"],"fullName":" DesignsList should render design cards with correct data","status":"passed","title":"should render design cards with correct data","duration":26,"failureMessages":[]},{"ancestorTitles":["","DesignsList"],"fullName":" DesignsList should format dates correctly using date-fns","status":"passed","title":"should format dates correctly using date-fns","duration":11,"failureMessages":[]},{"ancestorTitles":["","DesignsList"],"fullName":" DesignsList should display system size with one decimal precision","status":"passed","title":"should display system size with one decimal precision","duration":9,"failureMessages":[]},{"ancestorTitles":["","DesignsList"],"fullName":" DesignsList should navigate to design canvas when clicking Open Canvas button","status":"passed","title":"should navigate to design canvas when clicking Open Canvas button","duration":14,"failureMessages":[]},{"ancestorTitles":["","DesignsList"],"fullName":" DesignsList should render correct number of design cards","status":"passed","title":"should render correct number of design cards","duration":40,"failureMessages":[]},{"ancestorTitles":["","DesignsList"],"fullName":" DesignsList should apply responsive grid classes","status":"passed","title":"should apply responsive grid classes","duration":8,"failureMessages":[]},{"ancestorTitles":["","DesignsList"],"fullName":" DesignsList should handle designs with zero modules gracefully","status":"passed","title":"should handle designs with zero modules gracefully","duration":8,"failureMessages":[]},{"ancestorTitles":["","DesignsList"],"fullName":" DesignsList should handle very long design names","status":"passed","title":"should handle very long design names","duration":9,"failureMessages":[]},{"ancestorTitles":["","DesignsList"],"fullName":" DesignsList should render single design correctly","status":"passed","title":"should render single design correctly","duration":9,"failureMessages":[]},{"ancestorTitles":["","DesignsList"],"fullName":" DesignsList should have accessible card structure","status":"passed","title":"should have accessible card structure","duration":6,"failureMessages":[]},{"ancestorTitles":["","DesignsList"],"fullName":" DesignsList should apply hover classes to cards","status":"passed","title":"should apply hover classes to cards","duration":8,"failureMessages":[]}],"startTime":1770819009564,"endTime":1770819009873,"status":"passed","message":"","name":"C:/Users/SSTECH/developments/apps/solarepc-pro/frontend/src/components/SiteDesigns/__tests__/DesignsList.test.tsx"},{"assertionResults":[{"ancestorTitles":["","DesignCanvasPage"],"fullName":" DesignCanvasPage should prevent window unload when there are unsaved changes (pending or failed)","status":"failed","title":"should prevent window unload when there are unsaved changes (pending or failed)","duration":1055,"failureMessages":["\u001b[2mexpect(\u001b[22m\u001b[31mreceived\u001b[39m\u001b[2m).toBeInTheDocument()\u001b[22m\n\n\u001b[31mreceived\u001b[39m value must be an HTMLElement or an SVGElement.\n\n\nIgnored nodes: comments, script, style\n\u001b[36m<html>\u001b[39m\n  \u001b[36m<head />\u001b[39m\n  \u001b[36m<body>\u001b[39m\n    \u001b[36m<div />\u001b[39m\n  \u001b[36m</body>\u001b[39m\n\u001b[36m</html>\u001b[39m..."],"location":{"line":56,"column":75}},{"ancestorTitles":["","DesignCanvasPage"],"fullName":" DesignCanvasPage should NOT prevent window unload when changes are synced","status":"failed","title":"should NOT prevent window unload when changes are synced","duration":1016,"failureMessages":["\u001b[2mexpect(\u001b[22m\u001b[31mreceived\u001b[39m\u001b[2m).toBeInTheDocument()\u001b[22m\n\n\u001b[31mreceived\u001b[39m value must be an HTMLElement or an SVGElement.\n\n\nIgnored nodes: comments, script, style\n\u001b[36m<html>\u001b[39m\n  \u001b[36m<head />\u001b[39m\n  \u001b[36m<body>\u001b[39m\n    \u001b[36m<div />\u001b[39m\n  \u001b[36m</body>\u001b[39m\n\u001b[36m</html>\u001b[39m..."],"location":{"line":82,"column":75}},{"ancestorTitles":["","DesignCanvasPage"],"fullName":" DesignCanvasPage should show navigation warning when clicking back with unsaved changes","status":"failed","title":"should show navigation warning when clicking back with unsaved changes","duration":1011,"failureMessages":["Unable to find an element with the text: /Main Test Design/i. This could be because the text is broken up by multiple elements. In this case, you can provide a function for your text matcher to make your matcher more flexible.\n\nIgnored nodes: comments, script, style\n\u001b[36m<body>\u001b[39m\n  \u001b[36m<div />\u001b[39m\n\u001b[36m</body>\u001b[39m\n\nIgnored nodes: comments, script, style\n\u001b[36m<html>\u001b[39m\n  \u001b[36m<head />\u001b[39m\n  \u001b[36m<body>\u001b[39m\n    \u001b[36m<div />\u001b[39m\n  \u001b[36m</body>\u001b[39m\n\u001b[36m</html>\u001b[39m..."],"location":{"line":163,"column":27}},{"ancestorTitles":["","DesignCanvasPage"],"fullName":" DesignCanvasPage should proceed with navigation when user confirms dialog","status":"failed","title":"should proceed with navigation when user confirms dialog","duration":1022,"failureMessages":["Unable to find an element with the text: /Main Test Design/i. This could be because the text is broken up by multiple elements. In this case, you can provide a function for your text matcher to make your matcher more flexible.\n\nIgnored nodes: comments, script, style\n\u001b[36m<body>\u001b[39m\n  \u001b[36m<div />\u001b[39m\n\u001b[36m</body>\u001b[39m\n\nIgnored nodes: comments, script, style\n\u001b[36m<html>\u001b[39m\n  \u001b[36m<head />\u001b[39m\n  \u001b[36m<body>\u001b[39m\n    \u001b[36m<div />\u001b[39m\n  \u001b[36m</body>\u001b[39m\n\u001b[36m</html>\u001b[39m..."],"location":{"line":163,"column":27}},{"ancestorTitles":["","DesignCanvasPage"],"fullName":" DesignCanvasPage should cancel navigation when user cancels dialog","status":"failed","title":"should cancel navigation when user cancels dialog","duration":1014,"failureMessages":["Unable to find an element with the text: /Main Test Design/i. This could be because the text is broken up by multiple elements. In this case, you can provide a function for your text matcher to make your matcher more flexible.\n\nIgnored nodes: comments, script, style\n\u001b[36m<body>\u001b[39m\n  \u001b[36m<div />\u001b[39m\n\u001b[36m</body>\u001b[39m\n\nIgnored nodes: comments, script, style\n\u001b[36m<html>\u001b[39m\n  \u001b[36m<head />\u001b[39m\n  \u001b[36m<body>\u001b[39m\n    \u001b[36m<div />\u001b[39m\n  \u001b[36m</body>\u001b[39m\n\u001b[36m</html>\u001b[39m..."],"location":{"line":163,"column":27}},{"ancestorTitles":["","DesignCanvasPage"],"fullName":" DesignCanvasPage should navigate immediately when changes are synced","status":"failed","title":"should navigate immediately when changes are synced","duration":1019,"failureMessages":["Unable to find an element with the text: /Main Test Design/i. This could be because the text is broken up by multiple elements. In this case, you can provide a function for your text matcher to make your matcher more flexible.\n\nIgnored nodes: comments, script, style\n\u001b[36m<body>\u001b[39m\n  \u001b[36m<div />\u001b[39m\n\u001b[36m</body>\u001b[39m\n\nIgnored nodes: comments, script, style\n\u001b[36m<html>\u001b[39m\n  \u001b[36m<head />\u001b[39m\n  \u001b[36m<body>\u001b[39m\n    \u001b[36m<div />\u001b[39m\n  \u001b[36m</body>\u001b[39m\n\u001b[36m</html>\u001b[39m..."],"location":{"line":163,"column":27}}],"startTime":1770819016783,"endTime":1770819022920,"status":"failed","message":"","name":"C:/Users/SSTECH/developments/apps/solarepc-pro/frontend/src/app/tenders/[id]/design/[designId]/__tests__/page.test.tsx"}]}